[2018-05-14 15:36:32] local.ERROR: Command "migrate:" is ambiguous.
Did you mean one of these?
    migrate:fresh    Drop all tables and re-run all migrations
    migrate:install  Create the migration repository
    migrate:refresh  Reset and re-run all migrations
    migrate:reset    Rollback all database migrations
    migrate:rollback Rollback the last database migration
    migrate:status   Show the status of each migration {"exception":"[object] (Symfony\\Component\\Console\\Exception\\CommandNotFoundException(code: 0): Command \"migrate:\" is ambiguous.
Did you mean one of these?
    migrate:fresh    Drop all tables and re-run all migrations
    migrate:install  Create the migration repository
    migrate:refresh  Reset and re-run all migrations
    migrate:reset    Rollback all database migrations
    migrate:rollback Rollback the last database migration
    migrate:status   Show the status of each migration at C:\\xampp\\htdocs\\dcs2018\\vendor\\symfony\\console\\Application.php:643)
[stacktrace]
#0 C:\\xampp\\htdocs\\dcs2018\\vendor\\symfony\\console\\Application.php(224): Symfony\\Component\\Console\\Application->find('migrate:')
#1 C:\\xampp\\htdocs\\dcs2018\\vendor\\symfony\\console\\Application.php(143): Symfony\\Component\\Console\\Application->doRun(Object(Symfony\\Component\\Console\\Input\\ArgvInput), Object(Symfony\\Component\\Console\\Output\\ConsoleOutput))
#2 C:\\xampp\\htdocs\\dcs2018\\vendor\\laravel\\framework\\src\\Illuminate\\Console\\Application.php(88): Symfony\\Component\\Console\\Application->run(Object(Symfony\\Component\\Console\\Input\\ArgvInput), Object(Symfony\\Component\\Console\\Output\\ConsoleOutput))
#3 C:\\xampp\\htdocs\\dcs2018\\vendor\\laravel\\framework\\src\\Illuminate\\Foundation\\Console\\Kernel.php(121): Illuminate\\Console\\Application->run(Object(Symfony\\Component\\Console\\Input\\ArgvInput), Object(Symfony\\Component\\Console\\Output\\ConsoleOutput))
#4 C:\\xampp\\htdocs\\dcs2018\\artisan(37): Illuminate\\Foundation\\Console\\Kernel->handle(Object(Symfony\\Component\\Console\\Input\\ArgvInput), Object(Symfony\\Component\\Console\\Output\\ConsoleOutput))
#5 {main}
"} 
[2018-05-17 18:04:17] local.ERROR: SQLSTATE[23000]: Integrity constraint violation: 1048 Column 'school_id' cannot be null (SQL: insert into `games` (`user_id`, `school_id`, `stage`, `updated_at`, `created_at`) values (1, , 0, 2018-05-17 18:04:17, 2018-05-17 18:04:17)) {"exception":"[object] (Illuminate\\Database\\QueryException(code: 23000): SQLSTATE[23000]: Integrity constraint violation: 1048 Column 'school_id' cannot be null (SQL: insert into `games` (`user_id`, `school_id`, `stage`, `updated_at`, `created_at`) values (1, , 0, 2018-05-17 18:04:17, 2018-05-17 18:04:17)) at /Users/alihewaigh/Desktop/Ed-online/DCS_Files_Github/ed_dcs/vendor/laravel/framework/src/Illuminate/Database/Connection.php:664, PDOException(code: 23000): SQLSTATE[23000]: Integrity constraint violation: 1048 Column 'school_id' cannot be null at /Users/alihewaigh/Desktop/Ed-online/DCS_Files_Github/ed_dcs/vendor/laravel/framework/src/Illuminate/Database/Connection.php:458)
[stacktrace]
#0 /Users/alihewaigh/Desktop/Ed-online/DCS_Files_Github/ed_dcs/vendor/laravel/framework/src/Illuminate/Database/Connection.php(624): Illuminate\\Database\\Connection->runQueryCallback('insert into `ga...', Array, Object(Closure))
#1 /Users/alihewaigh/Desktop/Ed-online/DCS_Files_Github/ed_dcs/vendor/laravel/framework/src/Illuminate/Database/Connection.php(459): Illuminate\\Database\\Connection->run('insert into `ga...', Array, Object(Closure))
#2 /Users/alihewaigh/Desktop/Ed-online/DCS_Files_Github/ed_dcs/vendor/laravel/framework/src/Illuminate/Database/Connection.php(411): Illuminate\\Database\\Connection->statement('insert into `ga...', Array)
#3 /Users/alihewaigh/Desktop/Ed-online/DCS_Files_Github/ed_dcs/vendor/laravel/framework/src/Illuminate/Database/Query/Processors/Processor.php(32): Illuminate\\Database\\Connection->insert('insert into `ga...', Array)
#4 /Users/alihewaigh/Desktop/Ed-online/DCS_Files_Github/ed_dcs/vendor/laravel/framework/src/Illuminate/Database/Query/Builder.php(2188): Illuminate\\Database\\Query\\Processors\\Processor->processInsertGetId(Object(Illuminate\\Database\\Query\\Builder), 'insert into `ga...', Array, 'id')
#5 /Users/alihewaigh/Desktop/Ed-online/DCS_Files_Github/ed_dcs/vendor/laravel/framework/src/Illuminate/Database/Eloquent/Builder.php(1281): Illuminate\\Database\\Query\\Builder->insertGetId(Array, 'id')
#6 /Users/alihewaigh/Desktop/Ed-online/DCS_Files_Github/ed_dcs/vendor/laravel/framework/src/Illuminate/Database/Eloquent/Model.php(725): Illuminate\\Database\\Eloquent\\Builder->__call('insertGetId', Array)
#7 /Users/alihewaigh/Desktop/Ed-online/DCS_Files_Github/ed_dcs/vendor/laravel/framework/src/Illuminate/Database/Eloquent/Model.php(690): Illuminate\\Database\\Eloquent\\Model->insertAndSetId(Object(Illuminate\\Database\\Eloquent\\Builder), Array)
#8 /Users/alihewaigh/Desktop/Ed-online/DCS_Files_Github/ed_dcs/vendor/laravel/framework/src/Illuminate/Database/Eloquent/Model.php(553): Illuminate\\Database\\Eloquent\\Model->performInsert(Object(Illuminate\\Database\\Eloquent\\Builder))
#9 /Users/alihewaigh/Desktop/Ed-online/DCS_Files_Github/ed_dcs/vendor/laravel/framework/src/Illuminate/Database/Eloquent/Builder.php(753): Illuminate\\Database\\Eloquent\\Model->save()
#10 /Users/alihewaigh/Desktop/Ed-online/DCS_Files_Github/ed_dcs/vendor/laravel/framework/src/Illuminate/Support/helpers.php(1038): Illuminate\\Database\\Eloquent\\Builder->Illuminate\\Database\\Eloquent\\{closure}(Object(App\\Game))
#11 /Users/alihewaigh/Desktop/Ed-online/DCS_Files_Github/ed_dcs/vendor/laravel/framework/src/Illuminate/Database/Eloquent/Builder.php(754): tap(Object(App\\Game), Object(Closure))
#12 /Users/alihewaigh/Desktop/Ed-online/DCS_Files_Github/ed_dcs/vendor/laravel/framework/src/Illuminate/Database/Eloquent/Model.php(1503): Illuminate\\Database\\Eloquent\\Builder->create(Array)
#13 /Users/alihewaigh/Desktop/Ed-online/DCS_Files_Github/ed_dcs/vendor/laravel/framework/src/Illuminate/Database/Eloquent/Model.php(1515): Illuminate\\Database\\Eloquent\\Model->__call('create', Array)
#14 /Users/alihewaigh/Desktop/Ed-online/DCS_Files_Github/ed_dcs/app/Http/Controllers/API/StageController.php(25): Illuminate\\Database\\Eloquent\\Model::__callStatic('create', Array)
#15 [internal function]: App\\Http\\Controllers\\API\\StageController->index('1')
#16 /Users/alihewaigh/Desktop/Ed-online/DCS_Files_Github/ed_dcs/vendor/laravel/framework/src/Illuminate/Routing/Controller.php(54): call_user_func_array(Array, Array)
#17 /Users/alihewaigh/Desktop/Ed-online/DCS_Files_Github/ed_dcs/vendor/laravel/framework/src/Illuminate/Routing/ControllerDispatcher.php(45): Illuminate\\Routing\\Controller->callAction('index', Array)
#18 /Users/alihewaigh/Desktop/Ed-online/DCS_Files_Github/ed_dcs/vendor/laravel/framework/src/Illuminate/Routing/Route.php(212): Illuminate\\Routing\\ControllerDispatcher->dispatch(Object(Illuminate\\Routing\\Route), Object(App\\Http\\Controllers\\API\\StageController), 'index')
#19 /Users/alihewaigh/Desktop/Ed-online/DCS_Files_Github/ed_dcs/vendor/laravel/framework/src/Illuminate/Routing/Route.php(169): Illuminate\\Routing\\Route->runController()
#20 /Users/alihewaigh/Desktop/Ed-online/DCS_Files_Github/ed_dcs/vendor/laravel/framework/src/Illuminate/Routing/Router.php(659): Illuminate\\Routing\\Route->run()
#21 /Users/alihewaigh/Desktop/Ed-online/DCS_Files_Github/ed_dcs/vendor/laravel/framework/src/Illuminate/Routing/Pipeline.php(30): Illuminate\\Routing\\Router->Illuminate\\Routing\\{closure}(Object(Illuminate\\Http\\Request))
#22 /Users/alihewaigh/Desktop/Ed-online/DCS_Files_Github/ed_dcs/vendor/laravel/framework/src/Illuminate/Routing/Middleware/SubstituteBindings.php(41): Illuminate\\Routing\\Pipeline->Illuminate\\Routing\\{closure}(Object(Illuminate\\Http\\Request))
#23 /Users/alihewaigh/Desktop/Ed-online/DCS_Files_Github/ed_dcs/vendor/laravel/framework/src/Illuminate/Pipeline/Pipeline.php(149): Illuminate\\Routing\\Middleware\\SubstituteBindings->handle(Object(Illuminate\\Http\\Request), Object(Closure))
#24 /Users/alihewaigh/Desktop/Ed-online/DCS_Files_Github/ed_dcs/vendor/laravel/framework/src/Illuminate/Routing/Pipeline.php(53): Illuminate\\Pipeline\\Pipeline->Illuminate\\Pipeline\\{closure}(Object(Illuminate\\Http\\Request))
#25 /Users/alihewaigh/Desktop/Ed-online/DCS_Files_Github/ed_dcs/vendor/laravel/framework/src/Illuminate/Routing/Middleware/ThrottleRequests.php(57): Illuminate\\Routing\\Pipeline->Illuminate\\Routing\\{closure}(Object(Illuminate\\Http\\Request))
#26 /Users/alihewaigh/Desktop/Ed-online/DCS_Files_Github/ed_dcs/vendor/laravel/framework/src/Illuminate/Pipeline/Pipeline.php(149): Illuminate\\Routing\\Middleware\\ThrottleRequests->handle(Object(Illuminate\\Http\\Request), Object(Closure), 60, '1')
#27 /Users/alihewaigh/Desktop/Ed-online/DCS_Files_Github/ed_dcs/vendor/laravel/framework/src/Illuminate/Routing/Pipeline.php(53): Illuminate\\Pipeline\\Pipeline->Illuminate\\Pipeline\\{closure}(Object(Illuminate\\Http\\Request))
#28 /Users/alihewaigh/Desktop/Ed-online/DCS_Files_Github/ed_dcs/vendor/laravel/framework/src/Illuminate/Pipeline/Pipeline.php(102): Illuminate\\Routing\\Pipeline->Illuminate\\Routing\\{closure}(Object(Illuminate\\Http\\Request))
#29 /Users/alihewaigh/Desktop/Ed-online/DCS_Files_Github/ed_dcs/vendor/laravel/framework/src/Illuminate/Routing/Router.php(661): Illuminate\\Pipeline\\Pipeline->then(Object(Closure))
#30 /Users/alihewaigh/Desktop/Ed-online/DCS_Files_Github/ed_dcs/vendor/laravel/framework/src/Illuminate/Routing/Router.php(636): Illuminate\\Routing\\Router->runRouteWithinStack(Object(Illuminate\\Routing\\Route), Object(Illuminate\\Http\\Request))
#31 /Users/alihewaigh/Desktop/Ed-online/DCS_Files_Github/ed_dcs/vendor/laravel/framework/src/Illuminate/Routing/Router.php(602): Illuminate\\Routing\\Router->runRoute(Object(Illuminate\\Http\\Request), Object(Illuminate\\Routing\\Route))
#32 /Users/alihewaigh/Desktop/Ed-online/DCS_Files_Github/ed_dcs/vendor/laravel/framework/src/Illuminate/Routing/Router.php(591): Illuminate\\Routing\\Router->dispatchToRoute(Object(Illuminate\\Http\\Request))
#33 /Users/alihewaigh/Desktop/Ed-online/DCS_Files_Github/ed_dcs/vendor/laravel/framework/src/Illuminate/Foundation/Http/Kernel.php(176): Illuminate\\Routing\\Router->dispatch(Object(Illuminate\\Http\\Request))
#34 /Users/alihewaigh/Desktop/Ed-online/DCS_Files_Github/ed_dcs/vendor/laravel/framework/src/Illuminate/Routing/Pipeline.php(30): Illuminate\\Foundation\\Http\\Kernel->Illuminate\\Foundation\\Http\\{closure}(Object(Illuminate\\Http\\Request))
#35 /Users/alihewaigh/Desktop/Ed-online/DCS_Files_Github/ed_dcs/vendor/fideloper/proxy/src/TrustProxies.php(57): Illuminate\\Routing\\Pipeline->Illuminate\\Routing\\{closure}(Object(Illuminate\\Http\\Request))
#36 /Users/alihewaigh/Desktop/Ed-online/DCS_Files_Github/ed_dcs/vendor/laravel/framework/src/Illuminate/Pipeline/Pipeline.php(149): Fideloper\\Proxy\\TrustProxies->handle(Object(Illuminate\\Http\\Request), Object(Closure))
#37 /Users/alihewaigh/Desktop/Ed-online/DCS_Files_Github/ed_dcs/vendor/laravel/framework/src/Illuminate/Routing/Pipeline.php(53): Illuminate\\Pipeline\\Pipeline->Illuminate\\Pipeline\\{closure}(Object(Illuminate\\Http\\Request))
#38 /Users/alihewaigh/Desktop/Ed-online/DCS_Files_Github/ed_dcs/vendor/laravel/framework/src/Illuminate/Foundation/Http/Middleware/TransformsRequest.php(30): Illuminate\\Routing\\Pipeline->Illuminate\\Routing\\{closure}(Object(Illuminate\\Http\\Request))
#39 /Users/alihewaigh/Desktop/Ed-online/DCS_Files_Github/ed_dcs/vendor/laravel/framework/src/Illuminate/Pipeline/Pipeline.php(149): Illuminate\\Foundation\\Http\\Middleware\\TransformsRequest->handle(Object(Illuminate\\Http\\Request), Object(Closure))
#40 /Users/alihewaigh/Desktop/Ed-online/DCS_Files_Github/ed_dcs/vendor/laravel/framework/src/Illuminate/Routing/Pipeline.php(53): Illuminate\\Pipeline\\Pipeline->Illuminate\\Pipeline\\{closure}(Object(Illuminate\\Http\\Request))
#41 /Users/alihewaigh/Desktop/Ed-online/DCS_Files_Github/ed_dcs/vendor/laravel/framework/src/Illuminate/Foundation/Http/Middleware/TransformsRequest.php(30): Illuminate\\Routing\\Pipeline->Illuminate\\Routing\\{closure}(Object(Illuminate\\Http\\Request))
#42 /Users/alihewaigh/Desktop/Ed-online/DCS_Files_Github/ed_dcs/vendor/laravel/framework/src/Illuminate/Pipeline/Pipeline.php(149): Illuminate\\Foundation\\Http\\Middleware\\TransformsRequest->handle(Object(Illuminate\\Http\\Request), Object(Closure))
#43 /Users/alihewaigh/Desktop/Ed-online/DCS_Files_Github/ed_dcs/vendor/laravel/framework/src/Illuminate/Routing/Pipeline.php(53): Illuminate\\Pipeline\\Pipeline->Illuminate\\Pipeline\\{closure}(Object(Illuminate\\Http\\Request))
#44 /Users/alihewaigh/Desktop/Ed-online/DCS_Files_Github/ed_dcs/vendor/laravel/framework/src/Illuminate/Foundation/Http/Middleware/ValidatePostSize.php(27): Illuminate\\Routing\\Pipeline->Illuminate\\Routing\\{closure}(Object(Illuminate\\Http\\Request))
#45 /Users/alihewaigh/Desktop/Ed-online/DCS_Files_Github/ed_dcs/vendor/laravel/framework/src/Illuminate/Pipeline/Pipeline.php(149): Illuminate\\Foundation\\Http\\Middleware\\ValidatePostSize->handle(Object(Illuminate\\Http\\Request), Object(Closure))
#46 /Users/alihewaigh/Desktop/Ed-online/DCS_Files_Github/ed_dcs/vendor/laravel/framework/src/Illuminate/Routing/Pipeline.php(53): Illuminate\\Pipeline\\Pipeline->Illuminate\\Pipeline\\{closure}(Object(Illuminate\\Http\\Request))
#47 /Users/alihewaigh/Desktop/Ed-online/DCS_Files_Github/ed_dcs/vendor/laravel/framework/src/Illuminate/Foundation/Http/Middleware/CheckForMaintenanceMode.php(46): Illuminate\\Routing\\Pipeline->Illuminate\\Routing\\{closure}(Object(Illuminate\\Http\\Request))
#48 /Users/alihewaigh/Desktop/Ed-online/DCS_Files_Github/ed_dcs/vendor/laravel/framework/src/Illuminate/Pipeline/Pipeline.php(149): Illuminate\\Foundation\\Http\\Middleware\\CheckForMaintenanceMode->handle(Object(Illuminate\\Http\\Request), Object(Closure))
#49 /Users/alihewaigh/Desktop/Ed-online/DCS_Files_Github/ed_dcs/vendor/laravel/framework/src/Illuminate/Routing/Pipeline.php(53): Illuminate\\Pipeline\\Pipeline->Illuminate\\Pipeline\\{closure}(Object(Illuminate\\Http\\Request))
#50 /Users/alihewaigh/Desktop/Ed-online/DCS_Files_Github/ed_dcs/vendor/laravel/framework/src/Illuminate/Pipeline/Pipeline.php(102): Illuminate\\Routing\\Pipeline->Illuminate\\Routing\\{closure}(Object(Illuminate\\Http\\Request))
#51 /Users/alihewaigh/Desktop/Ed-online/DCS_Files_Github/ed_dcs/vendor/laravel/framework/src/Illuminate/Foundation/Http/Kernel.php(151): Illuminate\\Pipeline\\Pipeline->then(Object(Closure))
#52 /Users/alihewaigh/Desktop/Ed-online/DCS_Files_Github/ed_dcs/vendor/laravel/framework/src/Illuminate/Foundation/Http/Kernel.php(116): Illuminate\\Foundation\\Http\\Kernel->sendRequestThroughRouter(Object(Illuminate\\Http\\Request))
#53 /Users/alihewaigh/Desktop/Ed-online/DCS_Files_Github/ed_dcs/public/index.php(55): Illuminate\\Foundation\\Http\\Kernel->handle(Object(Illuminate\\Http\\Request))
#54 /Users/alihewaigh/Desktop/Ed-online/DCS_Files_Github/ed_dcs/server.php(21): require_once('/Users/alihewai...')
#55 {main}
"} 
[2018-05-17 18:07:27] local.ERROR: SQLSTATE[23000]: Integrity constraint violation: 1048 Column 'school_id' cannot be null (SQL: insert into `games` (`user_id`, `school_id`, `stage`, `updated_at`, `created_at`) values (1, , 0, 2018-05-17 18:07:27, 2018-05-17 18:07:27)) {"exception":"[object] (Illuminate\\Database\\QueryException(code: 23000): SQLSTATE[23000]: Integrity constraint violation: 1048 Column 'school_id' cannot be null (SQL: insert into `games` (`user_id`, `school_id`, `stage`, `updated_at`, `created_at`) values (1, , 0, 2018-05-17 18:07:27, 2018-05-17 18:07:27)) at /Users/alihewaigh/Desktop/Ed-online/DCS_Files_Github/ed_dcs/vendor/laravel/framework/src/Illuminate/Database/Connection.php:664, PDOException(code: 23000): SQLSTATE[23000]: Integrity constraint violation: 1048 Column 'school_id' cannot be null at /Users/alihewaigh/Desktop/Ed-online/DCS_Files_Github/ed_dcs/vendor/laravel/framework/src/Illuminate/Database/Connection.php:458)
[stacktrace]
#0 /Users/alihewaigh/Desktop/Ed-online/DCS_Files_Github/ed_dcs/vendor/laravel/framework/src/Illuminate/Database/Connection.php(624): Illuminate\\Database\\Connection->runQueryCallback('insert into `ga...', Array, Object(Closure))
#1 /Users/alihewaigh/Desktop/Ed-online/DCS_Files_Github/ed_dcs/vendor/laravel/framework/src/Illuminate/Database/Connection.php(459): Illuminate\\Database\\Connection->run('insert into `ga...', Array, Object(Closure))
#2 /Users/alihewaigh/Desktop/Ed-online/DCS_Files_Github/ed_dcs/vendor/laravel/framework/src/Illuminate/Database/Connection.php(411): Illuminate\\Database\\Connection->statement('insert into `ga...', Array)
#3 /Users/alihewaigh/Desktop/Ed-online/DCS_Files_Github/ed_dcs/vendor/laravel/framework/src/Illuminate/Database/Query/Processors/Processor.php(32): Illuminate\\Database\\Connection->insert('insert into `ga...', Array)
#4 /Users/alihewaigh/Desktop/Ed-online/DCS_Files_Github/ed_dcs/vendor/laravel/framework/src/Illuminate/Database/Query/Builder.php(2188): Illuminate\\Database\\Query\\Processors\\Processor->processInsertGetId(Object(Illuminate\\Database\\Query\\Builder), 'insert into `ga...', Array, 'id')
#5 /Users/alihewaigh/Desktop/Ed-online/DCS_Files_Github/ed_dcs/vendor/laravel/framework/src/Illuminate/Database/Eloquent/Builder.php(1281): Illuminate\\Database\\Query\\Builder->insertGetId(Array, 'id')
#6 /Users/alihewaigh/Desktop/Ed-online/DCS_Files_Github/ed_dcs/vendor/laravel/framework/src/Illuminate/Database/Eloquent/Model.php(725): Illuminate\\Database\\Eloquent\\Builder->__call('insertGetId', Array)
#7 /Users/alihewaigh/Desktop/Ed-online/DCS_Files_Github/ed_dcs/vendor/laravel/framework/src/Illuminate/Database/Eloquent/Model.php(690): Illuminate\\Database\\Eloquent\\Model->insertAndSetId(Object(Illuminate\\Database\\Eloquent\\Builder), Array)
#8 /Users/alihewaigh/Desktop/Ed-online/DCS_Files_Github/ed_dcs/vendor/laravel/framework/src/Illuminate/Database/Eloquent/Model.php(553): Illuminate\\Database\\Eloquent\\Model->performInsert(Object(Illuminate\\Database\\Eloquent\\Builder))
#9 /Users/alihewaigh/Desktop/Ed-online/DCS_Files_Github/ed_dcs/vendor/laravel/framework/src/Illuminate/Database/Eloquent/Builder.php(753): Illuminate\\Database\\Eloquent\\Model->save()
#10 /Users/alihewaigh/Desktop/Ed-online/DCS_Files_Github/ed_dcs/vendor/laravel/framework/src/Illuminate/Support/helpers.php(1038): Illuminate\\Database\\Eloquent\\Builder->Illuminate\\Database\\Eloquent\\{closure}(Object(App\\Game))
#11 /Users/alihewaigh/Desktop/Ed-online/DCS_Files_Github/ed_dcs/vendor/laravel/framework/src/Illuminate/Database/Eloquent/Builder.php(754): tap(Object(App\\Game), Object(Closure))
#12 /Users/alihewaigh/Desktop/Ed-online/DCS_Files_Github/ed_dcs/vendor/laravel/framework/src/Illuminate/Database/Eloquent/Model.php(1503): Illuminate\\Database\\Eloquent\\Builder->create(Array)
#13 /Users/alihewaigh/Desktop/Ed-online/DCS_Files_Github/ed_dcs/vendor/laravel/framework/src/Illuminate/Database/Eloquent/Model.php(1515): Illuminate\\Database\\Eloquent\\Model->__call('create', Array)
#14 /Users/alihewaigh/Desktop/Ed-online/DCS_Files_Github/ed_dcs/app/Http/Controllers/API/StageController.php(25): Illuminate\\Database\\Eloquent\\Model::__callStatic('create', Array)
#15 [internal function]: App\\Http\\Controllers\\API\\StageController->index('1')
#16 /Users/alihewaigh/Desktop/Ed-online/DCS_Files_Github/ed_dcs/vendor/laravel/framework/src/Illuminate/Routing/Controller.php(54): call_user_func_array(Array, Array)
#17 /Users/alihewaigh/Desktop/Ed-online/DCS_Files_Github/ed_dcs/vendor/laravel/framework/src/Illuminate/Routing/ControllerDispatcher.php(45): Illuminate\\Routing\\Controller->callAction('index', Array)
#18 /Users/alihewaigh/Desktop/Ed-online/DCS_Files_Github/ed_dcs/vendor/laravel/framework/src/Illuminate/Routing/Route.php(212): Illuminate\\Routing\\ControllerDispatcher->dispatch(Object(Illuminate\\Routing\\Route), Object(App\\Http\\Controllers\\API\\StageController), 'index')
#19 /Users/alihewaigh/Desktop/Ed-online/DCS_Files_Github/ed_dcs/vendor/laravel/framework/src/Illuminate/Routing/Route.php(169): Illuminate\\Routing\\Route->runController()
#20 /Users/alihewaigh/Desktop/Ed-online/DCS_Files_Github/ed_dcs/vendor/laravel/framework/src/Illuminate/Routing/Router.php(659): Illuminate\\Routing\\Route->run()
#21 /Users/alihewaigh/Desktop/Ed-online/DCS_Files_Github/ed_dcs/vendor/laravel/framework/src/Illuminate/Routing/Pipeline.php(30): Illuminate\\Routing\\Router->Illuminate\\Routing\\{closure}(Object(Illuminate\\Http\\Request))
#22 /Users/alihewaigh/Desktop/Ed-online/DCS_Files_Github/ed_dcs/vendor/laravel/framework/src/Illuminate/Routing/Middleware/SubstituteBindings.php(41): Illuminate\\Routing\\Pipeline->Illuminate\\Routing\\{closure}(Object(Illuminate\\Http\\Request))
#23 /Users/alihewaigh/Desktop/Ed-online/DCS_Files_Github/ed_dcs/vendor/laravel/framework/src/Illuminate/Pipeline/Pipeline.php(149): Illuminate\\Routing\\Middleware\\SubstituteBindings->handle(Object(Illuminate\\Http\\Request), Object(Closure))
#24 /Users/alihewaigh/Desktop/Ed-online/DCS_Files_Github/ed_dcs/vendor/laravel/framework/src/Illuminate/Routing/Pipeline.php(53): Illuminate\\Pipeline\\Pipeline->Illuminate\\Pipeline\\{closure}(Object(Illuminate\\Http\\Request))
#25 /Users/alihewaigh/Desktop/Ed-online/DCS_Files_Github/ed_dcs/vendor/laravel/framework/src/Illuminate/Routing/Middleware/ThrottleRequests.php(57): Illuminate\\Routing\\Pipeline->Illuminate\\Routing\\{closure}(Object(Illuminate\\Http\\Request))
#26 /Users/alihewaigh/Desktop/Ed-online/DCS_Files_Github/ed_dcs/vendor/laravel/framework/src/Illuminate/Pipeline/Pipeline.php(149): Illuminate\\Routing\\Middleware\\ThrottleRequests->handle(Object(Illuminate\\Http\\Request), Object(Closure), 60, '1')
#27 /Users/alihewaigh/Desktop/Ed-online/DCS_Files_Github/ed_dcs/vendor/laravel/framework/src/Illuminate/Routing/Pipeline.php(53): Illuminate\\Pipeline\\Pipeline->Illuminate\\Pipeline\\{closure}(Object(Illuminate\\Http\\Request))
#28 /Users/alihewaigh/Desktop/Ed-online/DCS_Files_Github/ed_dcs/vendor/laravel/framework/src/Illuminate/Pipeline/Pipeline.php(102): Illuminate\\Routing\\Pipeline->Illuminate\\Routing\\{closure}(Object(Illuminate\\Http\\Request))
#29 /Users/alihewaigh/Desktop/Ed-online/DCS_Files_Github/ed_dcs/vendor/laravel/framework/src/Illuminate/Routing/Router.php(661): Illuminate\\Pipeline\\Pipeline->then(Object(Closure))
#30 /Users/alihewaigh/Desktop/Ed-online/DCS_Files_Github/ed_dcs/vendor/laravel/framework/src/Illuminate/Routing/Router.php(636): Illuminate\\Routing\\Router->runRouteWithinStack(Object(Illuminate\\Routing\\Route), Object(Illuminate\\Http\\Request))
#31 /Users/alihewaigh/Desktop/Ed-online/DCS_Files_Github/ed_dcs/vendor/laravel/framework/src/Illuminate/Routing/Router.php(602): Illuminate\\Routing\\Router->runRoute(Object(Illuminate\\Http\\Request), Object(Illuminate\\Routing\\Route))
#32 /Users/alihewaigh/Desktop/Ed-online/DCS_Files_Github/ed_dcs/vendor/laravel/framework/src/Illuminate/Routing/Router.php(591): Illuminate\\Routing\\Router->dispatchToRoute(Object(Illuminate\\Http\\Request))
#33 /Users/alihewaigh/Desktop/Ed-online/DCS_Files_Github/ed_dcs/vendor/laravel/framework/src/Illuminate/Foundation/Http/Kernel.php(176): Illuminate\\Routing\\Router->dispatch(Object(Illuminate\\Http\\Request))
#34 /Users/alihewaigh/Desktop/Ed-online/DCS_Files_Github/ed_dcs/vendor/laravel/framework/src/Illuminate/Routing/Pipeline.php(30): Illuminate\\Foundation\\Http\\Kernel->Illuminate\\Foundation\\Http\\{closure}(Object(Illuminate\\Http\\Request))
#35 /Users/alihewaigh/Desktop/Ed-online/DCS_Files_Github/ed_dcs/vendor/fideloper/proxy/src/TrustProxies.php(57): Illuminate\\Routing\\Pipeline->Illuminate\\Routing\\{closure}(Object(Illuminate\\Http\\Request))
#36 /Users/alihewaigh/Desktop/Ed-online/DCS_Files_Github/ed_dcs/vendor/laravel/framework/src/Illuminate/Pipeline/Pipeline.php(149): Fideloper\\Proxy\\TrustProxies->handle(Object(Illuminate\\Http\\Request), Object(Closure))
#37 /Users/alihewaigh/Desktop/Ed-online/DCS_Files_Github/ed_dcs/vendor/laravel/framework/src/Illuminate/Routing/Pipeline.php(53): Illuminate\\Pipeline\\Pipeline->Illuminate\\Pipeline\\{closure}(Object(Illuminate\\Http\\Request))
#38 /Users/alihewaigh/Desktop/Ed-online/DCS_Files_Github/ed_dcs/vendor/laravel/framework/src/Illuminate/Foundation/Http/Middleware/TransformsRequest.php(30): Illuminate\\Routing\\Pipeline->Illuminate\\Routing\\{closure}(Object(Illuminate\\Http\\Request))
#39 /Users/alihewaigh/Desktop/Ed-online/DCS_Files_Github/ed_dcs/vendor/laravel/framework/src/Illuminate/Pipeline/Pipeline.php(149): Illuminate\\Foundation\\Http\\Middleware\\TransformsRequest->handle(Object(Illuminate\\Http\\Request), Object(Closure))
#40 /Users/alihewaigh/Desktop/Ed-online/DCS_Files_Github/ed_dcs/vendor/laravel/framework/src/Illuminate/Routing/Pipeline.php(53): Illuminate\\Pipeline\\Pipeline->Illuminate\\Pipeline\\{closure}(Object(Illuminate\\Http\\Request))
#41 /Users/alihewaigh/Desktop/Ed-online/DCS_Files_Github/ed_dcs/vendor/laravel/framework/src/Illuminate/Foundation/Http/Middleware/TransformsRequest.php(30): Illuminate\\Routing\\Pipeline->Illuminate\\Routing\\{closure}(Object(Illuminate\\Http\\Request))
#42 /Users/alihewaigh/Desktop/Ed-online/DCS_Files_Github/ed_dcs/vendor/laravel/framework/src/Illuminate/Pipeline/Pipeline.php(149): Illuminate\\Foundation\\Http\\Middleware\\TransformsRequest->handle(Object(Illuminate\\Http\\Request), Object(Closure))
#43 /Users/alihewaigh/Desktop/Ed-online/DCS_Files_Github/ed_dcs/vendor/laravel/framework/src/Illuminate/Routing/Pipeline.php(53): Illuminate\\Pipeline\\Pipeline->Illuminate\\Pipeline\\{closure}(Object(Illuminate\\Http\\Request))
#44 /Users/alihewaigh/Desktop/Ed-online/DCS_Files_Github/ed_dcs/vendor/laravel/framework/src/Illuminate/Foundation/Http/Middleware/ValidatePostSize.php(27): Illuminate\\Routing\\Pipeline->Illuminate\\Routing\\{closure}(Object(Illuminate\\Http\\Request))
#45 /Users/alihewaigh/Desktop/Ed-online/DCS_Files_Github/ed_dcs/vendor/laravel/framework/src/Illuminate/Pipeline/Pipeline.php(149): Illuminate\\Foundation\\Http\\Middleware\\ValidatePostSize->handle(Object(Illuminate\\Http\\Request), Object(Closure))
#46 /Users/alihewaigh/Desktop/Ed-online/DCS_Files_Github/ed_dcs/vendor/laravel/framework/src/Illuminate/Routing/Pipeline.php(53): Illuminate\\Pipeline\\Pipeline->Illuminate\\Pipeline\\{closure}(Object(Illuminate\\Http\\Request))
#47 /Users/alihewaigh/Desktop/Ed-online/DCS_Files_Github/ed_dcs/vendor/laravel/framework/src/Illuminate/Foundation/Http/Middleware/CheckForMaintenanceMode.php(46): Illuminate\\Routing\\Pipeline->Illuminate\\Routing\\{closure}(Object(Illuminate\\Http\\Request))
#48 /Users/alihewaigh/Desktop/Ed-online/DCS_Files_Github/ed_dcs/vendor/laravel/framework/src/Illuminate/Pipeline/Pipeline.php(149): Illuminate\\Foundation\\Http\\Middleware\\CheckForMaintenanceMode->handle(Object(Illuminate\\Http\\Request), Object(Closure))
#49 /Users/alihewaigh/Desktop/Ed-online/DCS_Files_Github/ed_dcs/vendor/laravel/framework/src/Illuminate/Routing/Pipeline.php(53): Illuminate\\Pipeline\\Pipeline->Illuminate\\Pipeline\\{closure}(Object(Illuminate\\Http\\Request))
#50 /Users/alihewaigh/Desktop/Ed-online/DCS_Files_Github/ed_dcs/vendor/laravel/framework/src/Illuminate/Pipeline/Pipeline.php(102): Illuminate\\Routing\\Pipeline->Illuminate\\Routing\\{closure}(Object(Illuminate\\Http\\Request))
#51 /Users/alihewaigh/Desktop/Ed-online/DCS_Files_Github/ed_dcs/vendor/laravel/framework/src/Illuminate/Foundation/Http/Kernel.php(151): Illuminate\\Pipeline\\Pipeline->then(Object(Closure))
#52 /Users/alihewaigh/Desktop/Ed-online/DCS_Files_Github/ed_dcs/vendor/laravel/framework/src/Illuminate/Foundation/Http/Kernel.php(116): Illuminate\\Foundation\\Http\\Kernel->sendRequestThroughRouter(Object(Illuminate\\Http\\Request))
#53 /Users/alihewaigh/Desktop/Ed-online/DCS_Files_Github/ed_dcs/public/index.php(55): Illuminate\\Foundation\\Http\\Kernel->handle(Object(Illuminate\\Http\\Request))
#54 /Users/alihewaigh/Desktop/Ed-online/DCS_Files_Github/ed_dcs/server.php(21): require_once('/Users/alihewai...')
#55 {main}
"} 
[2018-05-17 18:14:53] local.ERROR: SQLSTATE[23000]: Integrity constraint violation: 1048 Column 'school_id' cannot be null (SQL: insert into `games` (`user_id`, `school_id`, `stage`, `updated_at`, `created_at`) values (4, , 0, 2018-05-17 18:14:53, 2018-05-17 18:14:53)) {"exception":"[object] (Illuminate\\Database\\QueryException(code: 23000): SQLSTATE[23000]: Integrity constraint violation: 1048 Column 'school_id' cannot be null (SQL: insert into `games` (`user_id`, `school_id`, `stage`, `updated_at`, `created_at`) values (4, , 0, 2018-05-17 18:14:53, 2018-05-17 18:14:53)) at /Users/alihewaigh/Desktop/Ed-online/DCS_Files_Github/ed_dcs/vendor/laravel/framework/src/Illuminate/Database/Connection.php:664, PDOException(code: 23000): SQLSTATE[23000]: Integrity constraint violation: 1048 Column 'school_id' cannot be null at /Users/alihewaigh/Desktop/Ed-online/DCS_Files_Github/ed_dcs/vendor/laravel/framework/src/Illuminate/Database/Connection.php:458)
[stacktrace]
#0 /Users/alihewaigh/Desktop/Ed-online/DCS_Files_Github/ed_dcs/vendor/laravel/framework/src/Illuminate/Database/Connection.php(624): Illuminate\\Database\\Connection->runQueryCallback('insert into `ga...', Array, Object(Closure))
#1 /Users/alihewaigh/Desktop/Ed-online/DCS_Files_Github/ed_dcs/vendor/laravel/framework/src/Illuminate/Database/Connection.php(459): Illuminate\\Database\\Connection->run('insert into `ga...', Array, Object(Closure))
#2 /Users/alihewaigh/Desktop/Ed-online/DCS_Files_Github/ed_dcs/vendor/laravel/framework/src/Illuminate/Database/Connection.php(411): Illuminate\\Database\\Connection->statement('insert into `ga...', Array)
#3 /Users/alihewaigh/Desktop/Ed-online/DCS_Files_Github/ed_dcs/vendor/laravel/framework/src/Illuminate/Database/Query/Processors/Processor.php(32): Illuminate\\Database\\Connection->insert('insert into `ga...', Array)
#4 /Users/alihewaigh/Desktop/Ed-online/DCS_Files_Github/ed_dcs/vendor/laravel/framework/src/Illuminate/Database/Query/Builder.php(2188): Illuminate\\Database\\Query\\Processors\\Processor->processInsertGetId(Object(Illuminate\\Database\\Query\\Builder), 'insert into `ga...', Array, 'id')
#5 /Users/alihewaigh/Desktop/Ed-online/DCS_Files_Github/ed_dcs/vendor/laravel/framework/src/Illuminate/Database/Eloquent/Builder.php(1281): Illuminate\\Database\\Query\\Builder->insertGetId(Array, 'id')
#6 /Users/alihewaigh/Desktop/Ed-online/DCS_Files_Github/ed_dcs/vendor/laravel/framework/src/Illuminate/Database/Eloquent/Model.php(725): Illuminate\\Database\\Eloquent\\Builder->__call('insertGetId', Array)
#7 /Users/alihewaigh/Desktop/Ed-online/DCS_Files_Github/ed_dcs/vendor/laravel/framework/src/Illuminate/Database/Eloquent/Model.php(690): Illuminate\\Database\\Eloquent\\Model->insertAndSetId(Object(Illuminate\\Database\\Eloquent\\Builder), Array)
#8 /Users/alihewaigh/Desktop/Ed-online/DCS_Files_Github/ed_dcs/vendor/laravel/framework/src/Illuminate/Database/Eloquent/Model.php(553): Illuminate\\Database\\Eloquent\\Model->performInsert(Object(Illuminate\\Database\\Eloquent\\Builder))
#9 /Users/alihewaigh/Desktop/Ed-online/DCS_Files_Github/ed_dcs/vendor/laravel/framework/src/Illuminate/Database/Eloquent/Builder.php(753): Illuminate\\Database\\Eloquent\\Model->save()
#10 /Users/alihewaigh/Desktop/Ed-online/DCS_Files_Github/ed_dcs/vendor/laravel/framework/src/Illuminate/Support/helpers.php(1038): Illuminate\\Database\\Eloquent\\Builder->Illuminate\\Database\\Eloquent\\{closure}(Object(App\\Game))
#11 /Users/alihewaigh/Desktop/Ed-online/DCS_Files_Github/ed_dcs/vendor/laravel/framework/src/Illuminate/Database/Eloquent/Builder.php(754): tap(Object(App\\Game), Object(Closure))
#12 /Users/alihewaigh/Desktop/Ed-online/DCS_Files_Github/ed_dcs/vendor/laravel/framework/src/Illuminate/Database/Eloquent/Model.php(1503): Illuminate\\Database\\Eloquent\\Builder->create(Array)
#13 /Users/alihewaigh/Desktop/Ed-online/DCS_Files_Github/ed_dcs/vendor/laravel/framework/src/Illuminate/Database/Eloquent/Model.php(1515): Illuminate\\Database\\Eloquent\\Model->__call('create', Array)
#14 /Users/alihewaigh/Desktop/Ed-online/DCS_Files_Github/ed_dcs/app/Http/Controllers/API/StageController.php(25): Illuminate\\Database\\Eloquent\\Model::__callStatic('create', Array)
#15 [internal function]: App\\Http\\Controllers\\API\\StageController->index('4')
#16 /Users/alihewaigh/Desktop/Ed-online/DCS_Files_Github/ed_dcs/vendor/laravel/framework/src/Illuminate/Routing/Controller.php(54): call_user_func_array(Array, Array)
#17 /Users/alihewaigh/Desktop/Ed-online/DCS_Files_Github/ed_dcs/vendor/laravel/framework/src/Illuminate/Routing/ControllerDispatcher.php(45): Illuminate\\Routing\\Controller->callAction('index', Array)
#18 /Users/alihewaigh/Desktop/Ed-online/DCS_Files_Github/ed_dcs/vendor/laravel/framework/src/Illuminate/Routing/Route.php(212): Illuminate\\Routing\\ControllerDispatcher->dispatch(Object(Illuminate\\Routing\\Route), Object(App\\Http\\Controllers\\API\\StageController), 'index')
#19 /Users/alihewaigh/Desktop/Ed-online/DCS_Files_Github/ed_dcs/vendor/laravel/framework/src/Illuminate/Routing/Route.php(169): Illuminate\\Routing\\Route->runController()
#20 /Users/alihewaigh/Desktop/Ed-online/DCS_Files_Github/ed_dcs/vendor/laravel/framework/src/Illuminate/Routing/Router.php(659): Illuminate\\Routing\\Route->run()
#21 /Users/alihewaigh/Desktop/Ed-online/DCS_Files_Github/ed_dcs/vendor/laravel/framework/src/Illuminate/Routing/Pipeline.php(30): Illuminate\\Routing\\Router->Illuminate\\Routing\\{closure}(Object(Illuminate\\Http\\Request))
#22 /Users/alihewaigh/Desktop/Ed-online/DCS_Files_Github/ed_dcs/vendor/laravel/framework/src/Illuminate/Routing/Middleware/SubstituteBindings.php(41): Illuminate\\Routing\\Pipeline->Illuminate\\Routing\\{closure}(Object(Illuminate\\Http\\Request))
#23 /Users/alihewaigh/Desktop/Ed-online/DCS_Files_Github/ed_dcs/vendor/laravel/framework/src/Illuminate/Pipeline/Pipeline.php(149): Illuminate\\Routing\\Middleware\\SubstituteBindings->handle(Object(Illuminate\\Http\\Request), Object(Closure))
#24 /Users/alihewaigh/Desktop/Ed-online/DCS_Files_Github/ed_dcs/vendor/laravel/framework/src/Illuminate/Routing/Pipeline.php(53): Illuminate\\Pipeline\\Pipeline->Illuminate\\Pipeline\\{closure}(Object(Illuminate\\Http\\Request))
#25 /Users/alihewaigh/Desktop/Ed-online/DCS_Files_Github/ed_dcs/vendor/laravel/framework/src/Illuminate/Routing/Middleware/ThrottleRequests.php(57): Illuminate\\Routing\\Pipeline->Illuminate\\Routing\\{closure}(Object(Illuminate\\Http\\Request))
#26 /Users/alihewaigh/Desktop/Ed-online/DCS_Files_Github/ed_dcs/vendor/laravel/framework/src/Illuminate/Pipeline/Pipeline.php(149): Illuminate\\Routing\\Middleware\\ThrottleRequests->handle(Object(Illuminate\\Http\\Request), Object(Closure), 60, '1')
#27 /Users/alihewaigh/Desktop/Ed-online/DCS_Files_Github/ed_dcs/vendor/laravel/framework/src/Illuminate/Routing/Pipeline.php(53): Illuminate\\Pipeline\\Pipeline->Illuminate\\Pipeline\\{closure}(Object(Illuminate\\Http\\Request))
#28 /Users/alihewaigh/Desktop/Ed-online/DCS_Files_Github/ed_dcs/vendor/laravel/framework/src/Illuminate/Pipeline/Pipeline.php(102): Illuminate\\Routing\\Pipeline->Illuminate\\Routing\\{closure}(Object(Illuminate\\Http\\Request))
#29 /Users/alihewaigh/Desktop/Ed-online/DCS_Files_Github/ed_dcs/vendor/laravel/framework/src/Illuminate/Routing/Router.php(661): Illuminate\\Pipeline\\Pipeline->then(Object(Closure))
#30 /Users/alihewaigh/Desktop/Ed-online/DCS_Files_Github/ed_dcs/vendor/laravel/framework/src/Illuminate/Routing/Router.php(636): Illuminate\\Routing\\Router->runRouteWithinStack(Object(Illuminate\\Routing\\Route), Object(Illuminate\\Http\\Request))
#31 /Users/alihewaigh/Desktop/Ed-online/DCS_Files_Github/ed_dcs/vendor/laravel/framework/src/Illuminate/Routing/Router.php(602): Illuminate\\Routing\\Router->runRoute(Object(Illuminate\\Http\\Request), Object(Illuminate\\Routing\\Route))
#32 /Users/alihewaigh/Desktop/Ed-online/DCS_Files_Github/ed_dcs/vendor/laravel/framework/src/Illuminate/Routing/Router.php(591): Illuminate\\Routing\\Router->dispatchToRoute(Object(Illuminate\\Http\\Request))
#33 /Users/alihewaigh/Desktop/Ed-online/DCS_Files_Github/ed_dcs/vendor/laravel/framework/src/Illuminate/Foundation/Http/Kernel.php(176): Illuminate\\Routing\\Router->dispatch(Object(Illuminate\\Http\\Request))
#34 /Users/alihewaigh/Desktop/Ed-online/DCS_Files_Github/ed_dcs/vendor/laravel/framework/src/Illuminate/Routing/Pipeline.php(30): Illuminate\\Foundation\\Http\\Kernel->Illuminate\\Foundation\\Http\\{closure}(Object(Illuminate\\Http\\Request))
#35 /Users/alihewaigh/Desktop/Ed-online/DCS_Files_Github/ed_dcs/vendor/fideloper/proxy/src/TrustProxies.php(57): Illuminate\\Routing\\Pipeline->Illuminate\\Routing\\{closure}(Object(Illuminate\\Http\\Request))
#36 /Users/alihewaigh/Desktop/Ed-online/DCS_Files_Github/ed_dcs/vendor/laravel/framework/src/Illuminate/Pipeline/Pipeline.php(149): Fideloper\\Proxy\\TrustProxies->handle(Object(Illuminate\\Http\\Request), Object(Closure))
#37 /Users/alihewaigh/Desktop/Ed-online/DCS_Files_Github/ed_dcs/vendor/laravel/framework/src/Illuminate/Routing/Pipeline.php(53): Illuminate\\Pipeline\\Pipeline->Illuminate\\Pipeline\\{closure}(Object(Illuminate\\Http\\Request))
#38 /Users/alihewaigh/Desktop/Ed-online/DCS_Files_Github/ed_dcs/vendor/laravel/framework/src/Illuminate/Foundation/Http/Middleware/TransformsRequest.php(30): Illuminate\\Routing\\Pipeline->Illuminate\\Routing\\{closure}(Object(Illuminate\\Http\\Request))
#39 /Users/alihewaigh/Desktop/Ed-online/DCS_Files_Github/ed_dcs/vendor/laravel/framework/src/Illuminate/Pipeline/Pipeline.php(149): Illuminate\\Foundation\\Http\\Middleware\\TransformsRequest->handle(Object(Illuminate\\Http\\Request), Object(Closure))
#40 /Users/alihewaigh/Desktop/Ed-online/DCS_Files_Github/ed_dcs/vendor/laravel/framework/src/Illuminate/Routing/Pipeline.php(53): Illuminate\\Pipeline\\Pipeline->Illuminate\\Pipeline\\{closure}(Object(Illuminate\\Http\\Request))
#41 /Users/alihewaigh/Desktop/Ed-online/DCS_Files_Github/ed_dcs/vendor/laravel/framework/src/Illuminate/Foundation/Http/Middleware/TransformsRequest.php(30): Illuminate\\Routing\\Pipeline->Illuminate\\Routing\\{closure}(Object(Illuminate\\Http\\Request))
#42 /Users/alihewaigh/Desktop/Ed-online/DCS_Files_Github/ed_dcs/vendor/laravel/framework/src/Illuminate/Pipeline/Pipeline.php(149): Illuminate\\Foundation\\Http\\Middleware\\TransformsRequest->handle(Object(Illuminate\\Http\\Request), Object(Closure))
#43 /Users/alihewaigh/Desktop/Ed-online/DCS_Files_Github/ed_dcs/vendor/laravel/framework/src/Illuminate/Routing/Pipeline.php(53): Illuminate\\Pipeline\\Pipeline->Illuminate\\Pipeline\\{closure}(Object(Illuminate\\Http\\Request))
#44 /Users/alihewaigh/Desktop/Ed-online/DCS_Files_Github/ed_dcs/vendor/laravel/framework/src/Illuminate/Foundation/Http/Middleware/ValidatePostSize.php(27): Illuminate\\Routing\\Pipeline->Illuminate\\Routing\\{closure}(Object(Illuminate\\Http\\Request))
#45 /Users/alihewaigh/Desktop/Ed-online/DCS_Files_Github/ed_dcs/vendor/laravel/framework/src/Illuminate/Pipeline/Pipeline.php(149): Illuminate\\Foundation\\Http\\Middleware\\ValidatePostSize->handle(Object(Illuminate\\Http\\Request), Object(Closure))
#46 /Users/alihewaigh/Desktop/Ed-online/DCS_Files_Github/ed_dcs/vendor/laravel/framework/src/Illuminate/Routing/Pipeline.php(53): Illuminate\\Pipeline\\Pipeline->Illuminate\\Pipeline\\{closure}(Object(Illuminate\\Http\\Request))
#47 /Users/alihewaigh/Desktop/Ed-online/DCS_Files_Github/ed_dcs/vendor/laravel/framework/src/Illuminate/Foundation/Http/Middleware/CheckForMaintenanceMode.php(46): Illuminate\\Routing\\Pipeline->Illuminate\\Routing\\{closure}(Object(Illuminate\\Http\\Request))
#48 /Users/alihewaigh/Desktop/Ed-online/DCS_Files_Github/ed_dcs/vendor/laravel/framework/src/Illuminate/Pipeline/Pipeline.php(149): Illuminate\\Foundation\\Http\\Middleware\\CheckForMaintenanceMode->handle(Object(Illuminate\\Http\\Request), Object(Closure))
#49 /Users/alihewaigh/Desktop/Ed-online/DCS_Files_Github/ed_dcs/vendor/laravel/framework/src/Illuminate/Routing/Pipeline.php(53): Illuminate\\Pipeline\\Pipeline->Illuminate\\Pipeline\\{closure}(Object(Illuminate\\Http\\Request))
#50 /Users/alihewaigh/Desktop/Ed-online/DCS_Files_Github/ed_dcs/vendor/laravel/framework/src/Illuminate/Pipeline/Pipeline.php(102): Illuminate\\Routing\\Pipeline->Illuminate\\Routing\\{closure}(Object(Illuminate\\Http\\Request))
#51 /Users/alihewaigh/Desktop/Ed-online/DCS_Files_Github/ed_dcs/vendor/laravel/framework/src/Illuminate/Foundation/Http/Kernel.php(151): Illuminate\\Pipeline\\Pipeline->then(Object(Closure))
#52 /Users/alihewaigh/Desktop/Ed-online/DCS_Files_Github/ed_dcs/vendor/laravel/framework/src/Illuminate/Foundation/Http/Kernel.php(116): Illuminate\\Foundation\\Http\\Kernel->sendRequestThroughRouter(Object(Illuminate\\Http\\Request))
#53 /Users/alihewaigh/Desktop/Ed-online/DCS_Files_Github/ed_dcs/public/index.php(55): Illuminate\\Foundation\\Http\\Kernel->handle(Object(Illuminate\\Http\\Request))
#54 /Users/alihewaigh/Desktop/Ed-online/DCS_Files_Github/ed_dcs/server.php(21): require_once('/Users/alihewai...')
#55 {main}
"} 
[2018-05-17 18:14:56] local.ERROR: SQLSTATE[23000]: Integrity constraint violation: 1048 Column 'school_id' cannot be null (SQL: insert into `games` (`user_id`, `school_id`, `stage`, `updated_at`, `created_at`) values (4, , 0, 2018-05-17 18:14:56, 2018-05-17 18:14:56)) {"exception":"[object] (Illuminate\\Database\\QueryException(code: 23000): SQLSTATE[23000]: Integrity constraint violation: 1048 Column 'school_id' cannot be null (SQL: insert into `games` (`user_id`, `school_id`, `stage`, `updated_at`, `created_at`) values (4, , 0, 2018-05-17 18:14:56, 2018-05-17 18:14:56)) at /Users/alihewaigh/Desktop/Ed-online/DCS_Files_Github/ed_dcs/vendor/laravel/framework/src/Illuminate/Database/Connection.php:664, PDOException(code: 23000): SQLSTATE[23000]: Integrity constraint violation: 1048 Column 'school_id' cannot be null at /Users/alihewaigh/Desktop/Ed-online/DCS_Files_Github/ed_dcs/vendor/laravel/framework/src/Illuminate/Database/Connection.php:458)
[stacktrace]
#0 /Users/alihewaigh/Desktop/Ed-online/DCS_Files_Github/ed_dcs/vendor/laravel/framework/src/Illuminate/Database/Connection.php(624): Illuminate\\Database\\Connection->runQueryCallback('insert into `ga...', Array, Object(Closure))
#1 /Users/alihewaigh/Desktop/Ed-online/DCS_Files_Github/ed_dcs/vendor/laravel/framework/src/Illuminate/Database/Connection.php(459): Illuminate\\Database\\Connection->run('insert into `ga...', Array, Object(Closure))
#2 /Users/alihewaigh/Desktop/Ed-online/DCS_Files_Github/ed_dcs/vendor/laravel/framework/src/Illuminate/Database/Connection.php(411): Illuminate\\Database\\Connection->statement('insert into `ga...', Array)
#3 /Users/alihewaigh/Desktop/Ed-online/DCS_Files_Github/ed_dcs/vendor/laravel/framework/src/Illuminate/Database/Query/Processors/Processor.php(32): Illuminate\\Database\\Connection->insert('insert into `ga...', Array)
#4 /Users/alihewaigh/Desktop/Ed-online/DCS_Files_Github/ed_dcs/vendor/laravel/framework/src/Illuminate/Database/Query/Builder.php(2188): Illuminate\\Database\\Query\\Processors\\Processor->processInsertGetId(Object(Illuminate\\Database\\Query\\Builder), 'insert into `ga...', Array, 'id')
#5 /Users/alihewaigh/Desktop/Ed-online/DCS_Files_Github/ed_dcs/vendor/laravel/framework/src/Illuminate/Database/Eloquent/Builder.php(1281): Illuminate\\Database\\Query\\Builder->insertGetId(Array, 'id')
#6 /Users/alihewaigh/Desktop/Ed-online/DCS_Files_Github/ed_dcs/vendor/laravel/framework/src/Illuminate/Database/Eloquent/Model.php(725): Illuminate\\Database\\Eloquent\\Builder->__call('insertGetId', Array)
#7 /Users/alihewaigh/Desktop/Ed-online/DCS_Files_Github/ed_dcs/vendor/laravel/framework/src/Illuminate/Database/Eloquent/Model.php(690): Illuminate\\Database\\Eloquent\\Model->insertAndSetId(Object(Illuminate\\Database\\Eloquent\\Builder), Array)
#8 /Users/alihewaigh/Desktop/Ed-online/DCS_Files_Github/ed_dcs/vendor/laravel/framework/src/Illuminate/Database/Eloquent/Model.php(553): Illuminate\\Database\\Eloquent\\Model->performInsert(Object(Illuminate\\Database\\Eloquent\\Builder))
#9 /Users/alihewaigh/Desktop/Ed-online/DCS_Files_Github/ed_dcs/vendor/laravel/framework/src/Illuminate/Database/Eloquent/Builder.php(753): Illuminate\\Database\\Eloquent\\Model->save()
#10 /Users/alihewaigh/Desktop/Ed-online/DCS_Files_Github/ed_dcs/vendor/laravel/framework/src/Illuminate/Support/helpers.php(1038): Illuminate\\Database\\Eloquent\\Builder->Illuminate\\Database\\Eloquent\\{closure}(Object(App\\Game))
#11 /Users/alihewaigh/Desktop/Ed-online/DCS_Files_Github/ed_dcs/vendor/laravel/framework/src/Illuminate/Database/Eloquent/Builder.php(754): tap(Object(App\\Game), Object(Closure))
#12 /Users/alihewaigh/Desktop/Ed-online/DCS_Files_Github/ed_dcs/vendor/laravel/framework/src/Illuminate/Database/Eloquent/Model.php(1503): Illuminate\\Database\\Eloquent\\Builder->create(Array)
#13 /Users/alihewaigh/Desktop/Ed-online/DCS_Files_Github/ed_dcs/vendor/laravel/framework/src/Illuminate/Database/Eloquent/Model.php(1515): Illuminate\\Database\\Eloquent\\Model->__call('create', Array)
#14 /Users/alihewaigh/Desktop/Ed-online/DCS_Files_Github/ed_dcs/app/Http/Controllers/API/StageController.php(25): Illuminate\\Database\\Eloquent\\Model::__callStatic('create', Array)
#15 [internal function]: App\\Http\\Controllers\\API\\StageController->index('4')
#16 /Users/alihewaigh/Desktop/Ed-online/DCS_Files_Github/ed_dcs/vendor/laravel/framework/src/Illuminate/Routing/Controller.php(54): call_user_func_array(Array, Array)
#17 /Users/alihewaigh/Desktop/Ed-online/DCS_Files_Github/ed_dcs/vendor/laravel/framework/src/Illuminate/Routing/ControllerDispatcher.php(45): Illuminate\\Routing\\Controller->callAction('index', Array)
#18 /Users/alihewaigh/Desktop/Ed-online/DCS_Files_Github/ed_dcs/vendor/laravel/framework/src/Illuminate/Routing/Route.php(212): Illuminate\\Routing\\ControllerDispatcher->dispatch(Object(Illuminate\\Routing\\Route), Object(App\\Http\\Controllers\\API\\StageController), 'index')
#19 /Users/alihewaigh/Desktop/Ed-online/DCS_Files_Github/ed_dcs/vendor/laravel/framework/src/Illuminate/Routing/Route.php(169): Illuminate\\Routing\\Route->runController()
#20 /Users/alihewaigh/Desktop/Ed-online/DCS_Files_Github/ed_dcs/vendor/laravel/framework/src/Illuminate/Routing/Router.php(659): Illuminate\\Routing\\Route->run()
#21 /Users/alihewaigh/Desktop/Ed-online/DCS_Files_Github/ed_dcs/vendor/laravel/framework/src/Illuminate/Routing/Pipeline.php(30): Illuminate\\Routing\\Router->Illuminate\\Routing\\{closure}(Object(Illuminate\\Http\\Request))
#22 /Users/alihewaigh/Desktop/Ed-online/DCS_Files_Github/ed_dcs/vendor/laravel/framework/src/Illuminate/Routing/Middleware/SubstituteBindings.php(41): Illuminate\\Routing\\Pipeline->Illuminate\\Routing\\{closure}(Object(Illuminate\\Http\\Request))
#23 /Users/alihewaigh/Desktop/Ed-online/DCS_Files_Github/ed_dcs/vendor/laravel/framework/src/Illuminate/Pipeline/Pipeline.php(149): Illuminate\\Routing\\Middleware\\SubstituteBindings->handle(Object(Illuminate\\Http\\Request), Object(Closure))
#24 /Users/alihewaigh/Desktop/Ed-online/DCS_Files_Github/ed_dcs/vendor/laravel/framework/src/Illuminate/Routing/Pipeline.php(53): Illuminate\\Pipeline\\Pipeline->Illuminate\\Pipeline\\{closure}(Object(Illuminate\\Http\\Request))
#25 /Users/alihewaigh/Desktop/Ed-online/DCS_Files_Github/ed_dcs/vendor/laravel/framework/src/Illuminate/Routing/Middleware/ThrottleRequests.php(57): Illuminate\\Routing\\Pipeline->Illuminate\\Routing\\{closure}(Object(Illuminate\\Http\\Request))
#26 /Users/alihewaigh/Desktop/Ed-online/DCS_Files_Github/ed_dcs/vendor/laravel/framework/src/Illuminate/Pipeline/Pipeline.php(149): Illuminate\\Routing\\Middleware\\ThrottleRequests->handle(Object(Illuminate\\Http\\Request), Object(Closure), 60, '1')
#27 /Users/alihewaigh/Desktop/Ed-online/DCS_Files_Github/ed_dcs/vendor/laravel/framework/src/Illuminate/Routing/Pipeline.php(53): Illuminate\\Pipeline\\Pipeline->Illuminate\\Pipeline\\{closure}(Object(Illuminate\\Http\\Request))
#28 /Users/alihewaigh/Desktop/Ed-online/DCS_Files_Github/ed_dcs/vendor/laravel/framework/src/Illuminate/Pipeline/Pipeline.php(102): Illuminate\\Routing\\Pipeline->Illuminate\\Routing\\{closure}(Object(Illuminate\\Http\\Request))
#29 /Users/alihewaigh/Desktop/Ed-online/DCS_Files_Github/ed_dcs/vendor/laravel/framework/src/Illuminate/Routing/Router.php(661): Illuminate\\Pipeline\\Pipeline->then(Object(Closure))
#30 /Users/alihewaigh/Desktop/Ed-online/DCS_Files_Github/ed_dcs/vendor/laravel/framework/src/Illuminate/Routing/Router.php(636): Illuminate\\Routing\\Router->runRouteWithinStack(Object(Illuminate\\Routing\\Route), Object(Illuminate\\Http\\Request))
#31 /Users/alihewaigh/Desktop/Ed-online/DCS_Files_Github/ed_dcs/vendor/laravel/framework/src/Illuminate/Routing/Router.php(602): Illuminate\\Routing\\Router->runRoute(Object(Illuminate\\Http\\Request), Object(Illuminate\\Routing\\Route))
#32 /Users/alihewaigh/Desktop/Ed-online/DCS_Files_Github/ed_dcs/vendor/laravel/framework/src/Illuminate/Routing/Router.php(591): Illuminate\\Routing\\Router->dispatchToRoute(Object(Illuminate\\Http\\Request))
#33 /Users/alihewaigh/Desktop/Ed-online/DCS_Files_Github/ed_dcs/vendor/laravel/framework/src/Illuminate/Foundation/Http/Kernel.php(176): Illuminate\\Routing\\Router->dispatch(Object(Illuminate\\Http\\Request))
#34 /Users/alihewaigh/Desktop/Ed-online/DCS_Files_Github/ed_dcs/vendor/laravel/framework/src/Illuminate/Routing/Pipeline.php(30): Illuminate\\Foundation\\Http\\Kernel->Illuminate\\Foundation\\Http\\{closure}(Object(Illuminate\\Http\\Request))
#35 /Users/alihewaigh/Desktop/Ed-online/DCS_Files_Github/ed_dcs/vendor/fideloper/proxy/src/TrustProxies.php(57): Illuminate\\Routing\\Pipeline->Illuminate\\Routing\\{closure}(Object(Illuminate\\Http\\Request))
#36 /Users/alihewaigh/Desktop/Ed-online/DCS_Files_Github/ed_dcs/vendor/laravel/framework/src/Illuminate/Pipeline/Pipeline.php(149): Fideloper\\Proxy\\TrustProxies->handle(Object(Illuminate\\Http\\Request), Object(Closure))
#37 /Users/alihewaigh/Desktop/Ed-online/DCS_Files_Github/ed_dcs/vendor/laravel/framework/src/Illuminate/Routing/Pipeline.php(53): Illuminate\\Pipeline\\Pipeline->Illuminate\\Pipeline\\{closure}(Object(Illuminate\\Http\\Request))
#38 /Users/alihewaigh/Desktop/Ed-online/DCS_Files_Github/ed_dcs/vendor/laravel/framework/src/Illuminate/Foundation/Http/Middleware/TransformsRequest.php(30): Illuminate\\Routing\\Pipeline->Illuminate\\Routing\\{closure}(Object(Illuminate\\Http\\Request))
#39 /Users/alihewaigh/Desktop/Ed-online/DCS_Files_Github/ed_dcs/vendor/laravel/framework/src/Illuminate/Pipeline/Pipeline.php(149): Illuminate\\Foundation\\Http\\Middleware\\TransformsRequest->handle(Object(Illuminate\\Http\\Request), Object(Closure))
#40 /Users/alihewaigh/Desktop/Ed-online/DCS_Files_Github/ed_dcs/vendor/laravel/framework/src/Illuminate/Routing/Pipeline.php(53): Illuminate\\Pipeline\\Pipeline->Illuminate\\Pipeline\\{closure}(Object(Illuminate\\Http\\Request))
#41 /Users/alihewaigh/Desktop/Ed-online/DCS_Files_Github/ed_dcs/vendor/laravel/framework/src/Illuminate/Foundation/Http/Middleware/TransformsRequest.php(30): Illuminate\\Routing\\Pipeline->Illuminate\\Routing\\{closure}(Object(Illuminate\\Http\\Request))
#42 /Users/alihewaigh/Desktop/Ed-online/DCS_Files_Github/ed_dcs/vendor/laravel/framework/src/Illuminate/Pipeline/Pipeline.php(149): Illuminate\\Foundation\\Http\\Middleware\\TransformsRequest->handle(Object(Illuminate\\Http\\Request), Object(Closure))
#43 /Users/alihewaigh/Desktop/Ed-online/DCS_Files_Github/ed_dcs/vendor/laravel/framework/src/Illuminate/Routing/Pipeline.php(53): Illuminate\\Pipeline\\Pipeline->Illuminate\\Pipeline\\{closure}(Object(Illuminate\\Http\\Request))
#44 /Users/alihewaigh/Desktop/Ed-online/DCS_Files_Github/ed_dcs/vendor/laravel/framework/src/Illuminate/Foundation/Http/Middleware/ValidatePostSize.php(27): Illuminate\\Routing\\Pipeline->Illuminate\\Routing\\{closure}(Object(Illuminate\\Http\\Request))
#45 /Users/alihewaigh/Desktop/Ed-online/DCS_Files_Github/ed_dcs/vendor/laravel/framework/src/Illuminate/Pipeline/Pipeline.php(149): Illuminate\\Foundation\\Http\\Middleware\\ValidatePostSize->handle(Object(Illuminate\\Http\\Request), Object(Closure))
#46 /Users/alihewaigh/Desktop/Ed-online/DCS_Files_Github/ed_dcs/vendor/laravel/framework/src/Illuminate/Routing/Pipeline.php(53): Illuminate\\Pipeline\\Pipeline->Illuminate\\Pipeline\\{closure}(Object(Illuminate\\Http\\Request))
#47 /Users/alihewaigh/Desktop/Ed-online/DCS_Files_Github/ed_dcs/vendor/laravel/framework/src/Illuminate/Foundation/Http/Middleware/CheckForMaintenanceMode.php(46): Illuminate\\Routing\\Pipeline->Illuminate\\Routing\\{closure}(Object(Illuminate\\Http\\Request))
#48 /Users/alihewaigh/Desktop/Ed-online/DCS_Files_Github/ed_dcs/vendor/laravel/framework/src/Illuminate/Pipeline/Pipeline.php(149): Illuminate\\Foundation\\Http\\Middleware\\CheckForMaintenanceMode->handle(Object(Illuminate\\Http\\Request), Object(Closure))
#49 /Users/alihewaigh/Desktop/Ed-online/DCS_Files_Github/ed_dcs/vendor/laravel/framework/src/Illuminate/Routing/Pipeline.php(53): Illuminate\\Pipeline\\Pipeline->Illuminate\\Pipeline\\{closure}(Object(Illuminate\\Http\\Request))
#50 /Users/alihewaigh/Desktop/Ed-online/DCS_Files_Github/ed_dcs/vendor/laravel/framework/src/Illuminate/Pipeline/Pipeline.php(102): Illuminate\\Routing\\Pipeline->Illuminate\\Routing\\{closure}(Object(Illuminate\\Http\\Request))
#51 /Users/alihewaigh/Desktop/Ed-online/DCS_Files_Github/ed_dcs/vendor/laravel/framework/src/Illuminate/Foundation/Http/Kernel.php(151): Illuminate\\Pipeline\\Pipeline->then(Object(Closure))
#52 /Users/alihewaigh/Desktop/Ed-online/DCS_Files_Github/ed_dcs/vendor/laravel/framework/src/Illuminate/Foundation/Http/Kernel.php(116): Illuminate\\Foundation\\Http\\Kernel->sendRequestThroughRouter(Object(Illuminate\\Http\\Request))
#53 /Users/alihewaigh/Desktop/Ed-online/DCS_Files_Github/ed_dcs/public/index.php(55): Illuminate\\Foundation\\Http\\Kernel->handle(Object(Illuminate\\Http\\Request))
#54 /Users/alihewaigh/Desktop/Ed-online/DCS_Files_Github/ed_dcs/server.php(21): require_once('/Users/alihewai...')
#55 {main}
"} 
[2018-05-17 18:15:13] local.ERROR: SQLSTATE[23000]: Integrity constraint violation: 1048 Column 'school_id' cannot be null (SQL: insert into `games` (`user_id`, `school_id`, `stage`, `updated_at`, `created_at`) values (4, , 0, 2018-05-17 18:15:13, 2018-05-17 18:15:13)) {"exception":"[object] (Illuminate\\Database\\QueryException(code: 23000): SQLSTATE[23000]: Integrity constraint violation: 1048 Column 'school_id' cannot be null (SQL: insert into `games` (`user_id`, `school_id`, `stage`, `updated_at`, `created_at`) values (4, , 0, 2018-05-17 18:15:13, 2018-05-17 18:15:13)) at /Users/alihewaigh/Desktop/Ed-online/DCS_Files_Github/ed_dcs/vendor/laravel/framework/src/Illuminate/Database/Connection.php:664, PDOException(code: 23000): SQLSTATE[23000]: Integrity constraint violation: 1048 Column 'school_id' cannot be null at /Users/alihewaigh/Desktop/Ed-online/DCS_Files_Github/ed_dcs/vendor/laravel/framework/src/Illuminate/Database/Connection.php:458)
[stacktrace]
#0 /Users/alihewaigh/Desktop/Ed-online/DCS_Files_Github/ed_dcs/vendor/laravel/framework/src/Illuminate/Database/Connection.php(624): Illuminate\\Database\\Connection->runQueryCallback('insert into `ga...', Array, Object(Closure))
#1 /Users/alihewaigh/Desktop/Ed-online/DCS_Files_Github/ed_dcs/vendor/laravel/framework/src/Illuminate/Database/Connection.php(459): Illuminate\\Database\\Connection->run('insert into `ga...', Array, Object(Closure))
#2 /Users/alihewaigh/Desktop/Ed-online/DCS_Files_Github/ed_dcs/vendor/laravel/framework/src/Illuminate/Database/Connection.php(411): Illuminate\\Database\\Connection->statement('insert into `ga...', Array)
#3 /Users/alihewaigh/Desktop/Ed-online/DCS_Files_Github/ed_dcs/vendor/laravel/framework/src/Illuminate/Database/Query/Processors/Processor.php(32): Illuminate\\Database\\Connection->insert('insert into `ga...', Array)
#4 /Users/alihewaigh/Desktop/Ed-online/DCS_Files_Github/ed_dcs/vendor/laravel/framework/src/Illuminate/Database/Query/Builder.php(2188): Illuminate\\Database\\Query\\Processors\\Processor->processInsertGetId(Object(Illuminate\\Database\\Query\\Builder), 'insert into `ga...', Array, 'id')
#5 /Users/alihewaigh/Desktop/Ed-online/DCS_Files_Github/ed_dcs/vendor/laravel/framework/src/Illuminate/Database/Eloquent/Builder.php(1281): Illuminate\\Database\\Query\\Builder->insertGetId(Array, 'id')
#6 /Users/alihewaigh/Desktop/Ed-online/DCS_Files_Github/ed_dcs/vendor/laravel/framework/src/Illuminate/Database/Eloquent/Model.php(725): Illuminate\\Database\\Eloquent\\Builder->__call('insertGetId', Array)
#7 /Users/alihewaigh/Desktop/Ed-online/DCS_Files_Github/ed_dcs/vendor/laravel/framework/src/Illuminate/Database/Eloquent/Model.php(690): Illuminate\\Database\\Eloquent\\Model->insertAndSetId(Object(Illuminate\\Database\\Eloquent\\Builder), Array)
#8 /Users/alihewaigh/Desktop/Ed-online/DCS_Files_Github/ed_dcs/vendor/laravel/framework/src/Illuminate/Database/Eloquent/Model.php(553): Illuminate\\Database\\Eloquent\\Model->performInsert(Object(Illuminate\\Database\\Eloquent\\Builder))
#9 /Users/alihewaigh/Desktop/Ed-online/DCS_Files_Github/ed_dcs/vendor/laravel/framework/src/Illuminate/Database/Eloquent/Builder.php(753): Illuminate\\Database\\Eloquent\\Model->save()
#10 /Users/alihewaigh/Desktop/Ed-online/DCS_Files_Github/ed_dcs/vendor/laravel/framework/src/Illuminate/Support/helpers.php(1038): Illuminate\\Database\\Eloquent\\Builder->Illuminate\\Database\\Eloquent\\{closure}(Object(App\\Game))
#11 /Users/alihewaigh/Desktop/Ed-online/DCS_Files_Github/ed_dcs/vendor/laravel/framework/src/Illuminate/Database/Eloquent/Builder.php(754): tap(Object(App\\Game), Object(Closure))
#12 /Users/alihewaigh/Desktop/Ed-online/DCS_Files_Github/ed_dcs/vendor/laravel/framework/src/Illuminate/Database/Eloquent/Model.php(1503): Illuminate\\Database\\Eloquent\\Builder->create(Array)
#13 /Users/alihewaigh/Desktop/Ed-online/DCS_Files_Github/ed_dcs/vendor/laravel/framework/src/Illuminate/Database/Eloquent/Model.php(1515): Illuminate\\Database\\Eloquent\\Model->__call('create', Array)
#14 /Users/alihewaigh/Desktop/Ed-online/DCS_Files_Github/ed_dcs/app/Http/Controllers/API/StageController.php(25): Illuminate\\Database\\Eloquent\\Model::__callStatic('create', Array)
#15 [internal function]: App\\Http\\Controllers\\API\\StageController->index('4')
#16 /Users/alihewaigh/Desktop/Ed-online/DCS_Files_Github/ed_dcs/vendor/laravel/framework/src/Illuminate/Routing/Controller.php(54): call_user_func_array(Array, Array)
#17 /Users/alihewaigh/Desktop/Ed-online/DCS_Files_Github/ed_dcs/vendor/laravel/framework/src/Illuminate/Routing/ControllerDispatcher.php(45): Illuminate\\Routing\\Controller->callAction('index', Array)
#18 /Users/alihewaigh/Desktop/Ed-online/DCS_Files_Github/ed_dcs/vendor/laravel/framework/src/Illuminate/Routing/Route.php(212): Illuminate\\Routing\\ControllerDispatcher->dispatch(Object(Illuminate\\Routing\\Route), Object(App\\Http\\Controllers\\API\\StageController), 'index')
#19 /Users/alihewaigh/Desktop/Ed-online/DCS_Files_Github/ed_dcs/vendor/laravel/framework/src/Illuminate/Routing/Route.php(169): Illuminate\\Routing\\Route->runController()
#20 /Users/alihewaigh/Desktop/Ed-online/DCS_Files_Github/ed_dcs/vendor/laravel/framework/src/Illuminate/Routing/Router.php(659): Illuminate\\Routing\\Route->run()
#21 /Users/alihewaigh/Desktop/Ed-online/DCS_Files_Github/ed_dcs/vendor/laravel/framework/src/Illuminate/Routing/Pipeline.php(30): Illuminate\\Routing\\Router->Illuminate\\Routing\\{closure}(Object(Illuminate\\Http\\Request))
#22 /Users/alihewaigh/Desktop/Ed-online/DCS_Files_Github/ed_dcs/vendor/laravel/framework/src/Illuminate/Routing/Middleware/SubstituteBindings.php(41): Illuminate\\Routing\\Pipeline->Illuminate\\Routing\\{closure}(Object(Illuminate\\Http\\Request))
#23 /Users/alihewaigh/Desktop/Ed-online/DCS_Files_Github/ed_dcs/vendor/laravel/framework/src/Illuminate/Pipeline/Pipeline.php(149): Illuminate\\Routing\\Middleware\\SubstituteBindings->handle(Object(Illuminate\\Http\\Request), Object(Closure))
#24 /Users/alihewaigh/Desktop/Ed-online/DCS_Files_Github/ed_dcs/vendor/laravel/framework/src/Illuminate/Routing/Pipeline.php(53): Illuminate\\Pipeline\\Pipeline->Illuminate\\Pipeline\\{closure}(Object(Illuminate\\Http\\Request))
#25 /Users/alihewaigh/Desktop/Ed-online/DCS_Files_Github/ed_dcs/vendor/laravel/framework/src/Illuminate/Routing/Middleware/ThrottleRequests.php(57): Illuminate\\Routing\\Pipeline->Illuminate\\Routing\\{closure}(Object(Illuminate\\Http\\Request))
#26 /Users/alihewaigh/Desktop/Ed-online/DCS_Files_Github/ed_dcs/vendor/laravel/framework/src/Illuminate/Pipeline/Pipeline.php(149): Illuminate\\Routing\\Middleware\\ThrottleRequests->handle(Object(Illuminate\\Http\\Request), Object(Closure), 60, '1')
#27 /Users/alihewaigh/Desktop/Ed-online/DCS_Files_Github/ed_dcs/vendor/laravel/framework/src/Illuminate/Routing/Pipeline.php(53): Illuminate\\Pipeline\\Pipeline->Illuminate\\Pipeline\\{closure}(Object(Illuminate\\Http\\Request))
#28 /Users/alihewaigh/Desktop/Ed-online/DCS_Files_Github/ed_dcs/vendor/laravel/framework/src/Illuminate/Pipeline/Pipeline.php(102): Illuminate\\Routing\\Pipeline->Illuminate\\Routing\\{closure}(Object(Illuminate\\Http\\Request))
#29 /Users/alihewaigh/Desktop/Ed-online/DCS_Files_Github/ed_dcs/vendor/laravel/framework/src/Illuminate/Routing/Router.php(661): Illuminate\\Pipeline\\Pipeline->then(Object(Closure))
#30 /Users/alihewaigh/Desktop/Ed-online/DCS_Files_Github/ed_dcs/vendor/laravel/framework/src/Illuminate/Routing/Router.php(636): Illuminate\\Routing\\Router->runRouteWithinStack(Object(Illuminate\\Routing\\Route), Object(Illuminate\\Http\\Request))
#31 /Users/alihewaigh/Desktop/Ed-online/DCS_Files_Github/ed_dcs/vendor/laravel/framework/src/Illuminate/Routing/Router.php(602): Illuminate\\Routing\\Router->runRoute(Object(Illuminate\\Http\\Request), Object(Illuminate\\Routing\\Route))
#32 /Users/alihewaigh/Desktop/Ed-online/DCS_Files_Github/ed_dcs/vendor/laravel/framework/src/Illuminate/Routing/Router.php(591): Illuminate\\Routing\\Router->dispatchToRoute(Object(Illuminate\\Http\\Request))
#33 /Users/alihewaigh/Desktop/Ed-online/DCS_Files_Github/ed_dcs/vendor/laravel/framework/src/Illuminate/Foundation/Http/Kernel.php(176): Illuminate\\Routing\\Router->dispatch(Object(Illuminate\\Http\\Request))
#34 /Users/alihewaigh/Desktop/Ed-online/DCS_Files_Github/ed_dcs/vendor/laravel/framework/src/Illuminate/Routing/Pipeline.php(30): Illuminate\\Foundation\\Http\\Kernel->Illuminate\\Foundation\\Http\\{closure}(Object(Illuminate\\Http\\Request))
#35 /Users/alihewaigh/Desktop/Ed-online/DCS_Files_Github/ed_dcs/vendor/fideloper/proxy/src/TrustProxies.php(57): Illuminate\\Routing\\Pipeline->Illuminate\\Routing\\{closure}(Object(Illuminate\\Http\\Request))
#36 /Users/alihewaigh/Desktop/Ed-online/DCS_Files_Github/ed_dcs/vendor/laravel/framework/src/Illuminate/Pipeline/Pipeline.php(149): Fideloper\\Proxy\\TrustProxies->handle(Object(Illuminate\\Http\\Request), Object(Closure))
#37 /Users/alihewaigh/Desktop/Ed-online/DCS_Files_Github/ed_dcs/vendor/laravel/framework/src/Illuminate/Routing/Pipeline.php(53): Illuminate\\Pipeline\\Pipeline->Illuminate\\Pipeline\\{closure}(Object(Illuminate\\Http\\Request))
#38 /Users/alihewaigh/Desktop/Ed-online/DCS_Files_Github/ed_dcs/vendor/laravel/framework/src/Illuminate/Foundation/Http/Middleware/TransformsRequest.php(30): Illuminate\\Routing\\Pipeline->Illuminate\\Routing\\{closure}(Object(Illuminate\\Http\\Request))
#39 /Users/alihewaigh/Desktop/Ed-online/DCS_Files_Github/ed_dcs/vendor/laravel/framework/src/Illuminate/Pipeline/Pipeline.php(149): Illuminate\\Foundation\\Http\\Middleware\\TransformsRequest->handle(Object(Illuminate\\Http\\Request), Object(Closure))
#40 /Users/alihewaigh/Desktop/Ed-online/DCS_Files_Github/ed_dcs/vendor/laravel/framework/src/Illuminate/Routing/Pipeline.php(53): Illuminate\\Pipeline\\Pipeline->Illuminate\\Pipeline\\{closure}(Object(Illuminate\\Http\\Request))
#41 /Users/alihewaigh/Desktop/Ed-online/DCS_Files_Github/ed_dcs/vendor/laravel/framework/src/Illuminate/Foundation/Http/Middleware/TransformsRequest.php(30): Illuminate\\Routing\\Pipeline->Illuminate\\Routing\\{closure}(Object(Illuminate\\Http\\Request))
#42 /Users/alihewaigh/Desktop/Ed-online/DCS_Files_Github/ed_dcs/vendor/laravel/framework/src/Illuminate/Pipeline/Pipeline.php(149): Illuminate\\Foundation\\Http\\Middleware\\TransformsRequest->handle(Object(Illuminate\\Http\\Request), Object(Closure))
#43 /Users/alihewaigh/Desktop/Ed-online/DCS_Files_Github/ed_dcs/vendor/laravel/framework/src/Illuminate/Routing/Pipeline.php(53): Illuminate\\Pipeline\\Pipeline->Illuminate\\Pipeline\\{closure}(Object(Illuminate\\Http\\Request))
#44 /Users/alihewaigh/Desktop/Ed-online/DCS_Files_Github/ed_dcs/vendor/laravel/framework/src/Illuminate/Foundation/Http/Middleware/ValidatePostSize.php(27): Illuminate\\Routing\\Pipeline->Illuminate\\Routing\\{closure}(Object(Illuminate\\Http\\Request))
#45 /Users/alihewaigh/Desktop/Ed-online/DCS_Files_Github/ed_dcs/vendor/laravel/framework/src/Illuminate/Pipeline/Pipeline.php(149): Illuminate\\Foundation\\Http\\Middleware\\ValidatePostSize->handle(Object(Illuminate\\Http\\Request), Object(Closure))
#46 /Users/alihewaigh/Desktop/Ed-online/DCS_Files_Github/ed_dcs/vendor/laravel/framework/src/Illuminate/Routing/Pipeline.php(53): Illuminate\\Pipeline\\Pipeline->Illuminate\\Pipeline\\{closure}(Object(Illuminate\\Http\\Request))
#47 /Users/alihewaigh/Desktop/Ed-online/DCS_Files_Github/ed_dcs/vendor/laravel/framework/src/Illuminate/Foundation/Http/Middleware/CheckForMaintenanceMode.php(46): Illuminate\\Routing\\Pipeline->Illuminate\\Routing\\{closure}(Object(Illuminate\\Http\\Request))
#48 /Users/alihewaigh/Desktop/Ed-online/DCS_Files_Github/ed_dcs/vendor/laravel/framework/src/Illuminate/Pipeline/Pipeline.php(149): Illuminate\\Foundation\\Http\\Middleware\\CheckForMaintenanceMode->handle(Object(Illuminate\\Http\\Request), Object(Closure))
#49 /Users/alihewaigh/Desktop/Ed-online/DCS_Files_Github/ed_dcs/vendor/laravel/framework/src/Illuminate/Routing/Pipeline.php(53): Illuminate\\Pipeline\\Pipeline->Illuminate\\Pipeline\\{closure}(Object(Illuminate\\Http\\Request))
#50 /Users/alihewaigh/Desktop/Ed-online/DCS_Files_Github/ed_dcs/vendor/laravel/framework/src/Illuminate/Pipeline/Pipeline.php(102): Illuminate\\Routing\\Pipeline->Illuminate\\Routing\\{closure}(Object(Illuminate\\Http\\Request))
#51 /Users/alihewaigh/Desktop/Ed-online/DCS_Files_Github/ed_dcs/vendor/laravel/framework/src/Illuminate/Foundation/Http/Kernel.php(151): Illuminate\\Pipeline\\Pipeline->then(Object(Closure))
#52 /Users/alihewaigh/Desktop/Ed-online/DCS_Files_Github/ed_dcs/vendor/laravel/framework/src/Illuminate/Foundation/Http/Kernel.php(116): Illuminate\\Foundation\\Http\\Kernel->sendRequestThroughRouter(Object(Illuminate\\Http\\Request))
#53 /Users/alihewaigh/Desktop/Ed-online/DCS_Files_Github/ed_dcs/public/index.php(55): Illuminate\\Foundation\\Http\\Kernel->handle(Object(Illuminate\\Http\\Request))
#54 /Users/alihewaigh/Desktop/Ed-online/DCS_Files_Github/ed_dcs/server.php(21): require_once('/Users/alihewai...')
#55 {main}
"} 
[2018-05-17 18:15:34] local.ERROR: SQLSTATE[23000]: Integrity constraint violation: 1048 Column 'school_id' cannot be null (SQL: insert into `games` (`user_id`, `school_id`, `stage`, `updated_at`, `created_at`) values (4, , 0, 2018-05-17 18:15:34, 2018-05-17 18:15:34)) {"exception":"[object] (Illuminate\\Database\\QueryException(code: 23000): SQLSTATE[23000]: Integrity constraint violation: 1048 Column 'school_id' cannot be null (SQL: insert into `games` (`user_id`, `school_id`, `stage`, `updated_at`, `created_at`) values (4, , 0, 2018-05-17 18:15:34, 2018-05-17 18:15:34)) at /Users/alihewaigh/Desktop/Ed-online/DCS_Files_Github/ed_dcs/vendor/laravel/framework/src/Illuminate/Database/Connection.php:664, PDOException(code: 23000): SQLSTATE[23000]: Integrity constraint violation: 1048 Column 'school_id' cannot be null at /Users/alihewaigh/Desktop/Ed-online/DCS_Files_Github/ed_dcs/vendor/laravel/framework/src/Illuminate/Database/Connection.php:458)
[stacktrace]
#0 /Users/alihewaigh/Desktop/Ed-online/DCS_Files_Github/ed_dcs/vendor/laravel/framework/src/Illuminate/Database/Connection.php(624): Illuminate\\Database\\Connection->runQueryCallback('insert into `ga...', Array, Object(Closure))
#1 /Users/alihewaigh/Desktop/Ed-online/DCS_Files_Github/ed_dcs/vendor/laravel/framework/src/Illuminate/Database/Connection.php(459): Illuminate\\Database\\Connection->run('insert into `ga...', Array, Object(Closure))
#2 /Users/alihewaigh/Desktop/Ed-online/DCS_Files_Github/ed_dcs/vendor/laravel/framework/src/Illuminate/Database/Connection.php(411): Illuminate\\Database\\Connection->statement('insert into `ga...', Array)
#3 /Users/alihewaigh/Desktop/Ed-online/DCS_Files_Github/ed_dcs/vendor/laravel/framework/src/Illuminate/Database/Query/Processors/Processor.php(32): Illuminate\\Database\\Connection->insert('insert into `ga...', Array)
#4 /Users/alihewaigh/Desktop/Ed-online/DCS_Files_Github/ed_dcs/vendor/laravel/framework/src/Illuminate/Database/Query/Builder.php(2188): Illuminate\\Database\\Query\\Processors\\Processor->processInsertGetId(Object(Illuminate\\Database\\Query\\Builder), 'insert into `ga...', Array, 'id')
#5 /Users/alihewaigh/Desktop/Ed-online/DCS_Files_Github/ed_dcs/vendor/laravel/framework/src/Illuminate/Database/Eloquent/Builder.php(1281): Illuminate\\Database\\Query\\Builder->insertGetId(Array, 'id')
#6 /Users/alihewaigh/Desktop/Ed-online/DCS_Files_Github/ed_dcs/vendor/laravel/framework/src/Illuminate/Database/Eloquent/Model.php(725): Illuminate\\Database\\Eloquent\\Builder->__call('insertGetId', Array)
#7 /Users/alihewaigh/Desktop/Ed-online/DCS_Files_Github/ed_dcs/vendor/laravel/framework/src/Illuminate/Database/Eloquent/Model.php(690): Illuminate\\Database\\Eloquent\\Model->insertAndSetId(Object(Illuminate\\Database\\Eloquent\\Builder), Array)
#8 /Users/alihewaigh/Desktop/Ed-online/DCS_Files_Github/ed_dcs/vendor/laravel/framework/src/Illuminate/Database/Eloquent/Model.php(553): Illuminate\\Database\\Eloquent\\Model->performInsert(Object(Illuminate\\Database\\Eloquent\\Builder))
#9 /Users/alihewaigh/Desktop/Ed-online/DCS_Files_Github/ed_dcs/vendor/laravel/framework/src/Illuminate/Database/Eloquent/Builder.php(753): Illuminate\\Database\\Eloquent\\Model->save()
#10 /Users/alihewaigh/Desktop/Ed-online/DCS_Files_Github/ed_dcs/vendor/laravel/framework/src/Illuminate/Support/helpers.php(1038): Illuminate\\Database\\Eloquent\\Builder->Illuminate\\Database\\Eloquent\\{closure}(Object(App\\Game))
#11 /Users/alihewaigh/Desktop/Ed-online/DCS_Files_Github/ed_dcs/vendor/laravel/framework/src/Illuminate/Database/Eloquent/Builder.php(754): tap(Object(App\\Game), Object(Closure))
#12 /Users/alihewaigh/Desktop/Ed-online/DCS_Files_Github/ed_dcs/vendor/laravel/framework/src/Illuminate/Database/Eloquent/Model.php(1503): Illuminate\\Database\\Eloquent\\Builder->create(Array)
#13 /Users/alihewaigh/Desktop/Ed-online/DCS_Files_Github/ed_dcs/vendor/laravel/framework/src/Illuminate/Database/Eloquent/Model.php(1515): Illuminate\\Database\\Eloquent\\Model->__call('create', Array)
#14 /Users/alihewaigh/Desktop/Ed-online/DCS_Files_Github/ed_dcs/app/Http/Controllers/API/StageController.php(25): Illuminate\\Database\\Eloquent\\Model::__callStatic('create', Array)
#15 [internal function]: App\\Http\\Controllers\\API\\StageController->index('4')
#16 /Users/alihewaigh/Desktop/Ed-online/DCS_Files_Github/ed_dcs/vendor/laravel/framework/src/Illuminate/Routing/Controller.php(54): call_user_func_array(Array, Array)
#17 /Users/alihewaigh/Desktop/Ed-online/DCS_Files_Github/ed_dcs/vendor/laravel/framework/src/Illuminate/Routing/ControllerDispatcher.php(45): Illuminate\\Routing\\Controller->callAction('index', Array)
#18 /Users/alihewaigh/Desktop/Ed-online/DCS_Files_Github/ed_dcs/vendor/laravel/framework/src/Illuminate/Routing/Route.php(212): Illuminate\\Routing\\ControllerDispatcher->dispatch(Object(Illuminate\\Routing\\Route), Object(App\\Http\\Controllers\\API\\StageController), 'index')
#19 /Users/alihewaigh/Desktop/Ed-online/DCS_Files_Github/ed_dcs/vendor/laravel/framework/src/Illuminate/Routing/Route.php(169): Illuminate\\Routing\\Route->runController()
#20 /Users/alihewaigh/Desktop/Ed-online/DCS_Files_Github/ed_dcs/vendor/laravel/framework/src/Illuminate/Routing/Router.php(659): Illuminate\\Routing\\Route->run()
#21 /Users/alihewaigh/Desktop/Ed-online/DCS_Files_Github/ed_dcs/vendor/laravel/framework/src/Illuminate/Routing/Pipeline.php(30): Illuminate\\Routing\\Router->Illuminate\\Routing\\{closure}(Object(Illuminate\\Http\\Request))
#22 /Users/alihewaigh/Desktop/Ed-online/DCS_Files_Github/ed_dcs/vendor/laravel/framework/src/Illuminate/Routing/Middleware/SubstituteBindings.php(41): Illuminate\\Routing\\Pipeline->Illuminate\\Routing\\{closure}(Object(Illuminate\\Http\\Request))
#23 /Users/alihewaigh/Desktop/Ed-online/DCS_Files_Github/ed_dcs/vendor/laravel/framework/src/Illuminate/Pipeline/Pipeline.php(149): Illuminate\\Routing\\Middleware\\SubstituteBindings->handle(Object(Illuminate\\Http\\Request), Object(Closure))
#24 /Users/alihewaigh/Desktop/Ed-online/DCS_Files_Github/ed_dcs/vendor/laravel/framework/src/Illuminate/Routing/Pipeline.php(53): Illuminate\\Pipeline\\Pipeline->Illuminate\\Pipeline\\{closure}(Object(Illuminate\\Http\\Request))
#25 /Users/alihewaigh/Desktop/Ed-online/DCS_Files_Github/ed_dcs/vendor/laravel/framework/src/Illuminate/Routing/Middleware/ThrottleRequests.php(57): Illuminate\\Routing\\Pipeline->Illuminate\\Routing\\{closure}(Object(Illuminate\\Http\\Request))
#26 /Users/alihewaigh/Desktop/Ed-online/DCS_Files_Github/ed_dcs/vendor/laravel/framework/src/Illuminate/Pipeline/Pipeline.php(149): Illuminate\\Routing\\Middleware\\ThrottleRequests->handle(Object(Illuminate\\Http\\Request), Object(Closure), 60, '1')
#27 /Users/alihewaigh/Desktop/Ed-online/DCS_Files_Github/ed_dcs/vendor/laravel/framework/src/Illuminate/Routing/Pipeline.php(53): Illuminate\\Pipeline\\Pipeline->Illuminate\\Pipeline\\{closure}(Object(Illuminate\\Http\\Request))
#28 /Users/alihewaigh/Desktop/Ed-online/DCS_Files_Github/ed_dcs/vendor/laravel/framework/src/Illuminate/Pipeline/Pipeline.php(102): Illuminate\\Routing\\Pipeline->Illuminate\\Routing\\{closure}(Object(Illuminate\\Http\\Request))
#29 /Users/alihewaigh/Desktop/Ed-online/DCS_Files_Github/ed_dcs/vendor/laravel/framework/src/Illuminate/Routing/Router.php(661): Illuminate\\Pipeline\\Pipeline->then(Object(Closure))
#30 /Users/alihewaigh/Desktop/Ed-online/DCS_Files_Github/ed_dcs/vendor/laravel/framework/src/Illuminate/Routing/Router.php(636): Illuminate\\Routing\\Router->runRouteWithinStack(Object(Illuminate\\Routing\\Route), Object(Illuminate\\Http\\Request))
#31 /Users/alihewaigh/Desktop/Ed-online/DCS_Files_Github/ed_dcs/vendor/laravel/framework/src/Illuminate/Routing/Router.php(602): Illuminate\\Routing\\Router->runRoute(Object(Illuminate\\Http\\Request), Object(Illuminate\\Routing\\Route))
#32 /Users/alihewaigh/Desktop/Ed-online/DCS_Files_Github/ed_dcs/vendor/laravel/framework/src/Illuminate/Routing/Router.php(591): Illuminate\\Routing\\Router->dispatchToRoute(Object(Illuminate\\Http\\Request))
#33 /Users/alihewaigh/Desktop/Ed-online/DCS_Files_Github/ed_dcs/vendor/laravel/framework/src/Illuminate/Foundation/Http/Kernel.php(176): Illuminate\\Routing\\Router->dispatch(Object(Illuminate\\Http\\Request))
#34 /Users/alihewaigh/Desktop/Ed-online/DCS_Files_Github/ed_dcs/vendor/laravel/framework/src/Illuminate/Routing/Pipeline.php(30): Illuminate\\Foundation\\Http\\Kernel->Illuminate\\Foundation\\Http\\{closure}(Object(Illuminate\\Http\\Request))
#35 /Users/alihewaigh/Desktop/Ed-online/DCS_Files_Github/ed_dcs/vendor/fideloper/proxy/src/TrustProxies.php(57): Illuminate\\Routing\\Pipeline->Illuminate\\Routing\\{closure}(Object(Illuminate\\Http\\Request))
#36 /Users/alihewaigh/Desktop/Ed-online/DCS_Files_Github/ed_dcs/vendor/laravel/framework/src/Illuminate/Pipeline/Pipeline.php(149): Fideloper\\Proxy\\TrustProxies->handle(Object(Illuminate\\Http\\Request), Object(Closure))
#37 /Users/alihewaigh/Desktop/Ed-online/DCS_Files_Github/ed_dcs/vendor/laravel/framework/src/Illuminate/Routing/Pipeline.php(53): Illuminate\\Pipeline\\Pipeline->Illuminate\\Pipeline\\{closure}(Object(Illuminate\\Http\\Request))
#38 /Users/alihewaigh/Desktop/Ed-online/DCS_Files_Github/ed_dcs/vendor/laravel/framework/src/Illuminate/Foundation/Http/Middleware/TransformsRequest.php(30): Illuminate\\Routing\\Pipeline->Illuminate\\Routing\\{closure}(Object(Illuminate\\Http\\Request))
#39 /Users/alihewaigh/Desktop/Ed-online/DCS_Files_Github/ed_dcs/vendor/laravel/framework/src/Illuminate/Pipeline/Pipeline.php(149): Illuminate\\Foundation\\Http\\Middleware\\TransformsRequest->handle(Object(Illuminate\\Http\\Request), Object(Closure))
#40 /Users/alihewaigh/Desktop/Ed-online/DCS_Files_Github/ed_dcs/vendor/laravel/framework/src/Illuminate/Routing/Pipeline.php(53): Illuminate\\Pipeline\\Pipeline->Illuminate\\Pipeline\\{closure}(Object(Illuminate\\Http\\Request))
#41 /Users/alihewaigh/Desktop/Ed-online/DCS_Files_Github/ed_dcs/vendor/laravel/framework/src/Illuminate/Foundation/Http/Middleware/TransformsRequest.php(30): Illuminate\\Routing\\Pipeline->Illuminate\\Routing\\{closure}(Object(Illuminate\\Http\\Request))
#42 /Users/alihewaigh/Desktop/Ed-online/DCS_Files_Github/ed_dcs/vendor/laravel/framework/src/Illuminate/Pipeline/Pipeline.php(149): Illuminate\\Foundation\\Http\\Middleware\\TransformsRequest->handle(Object(Illuminate\\Http\\Request), Object(Closure))
#43 /Users/alihewaigh/Desktop/Ed-online/DCS_Files_Github/ed_dcs/vendor/laravel/framework/src/Illuminate/Routing/Pipeline.php(53): Illuminate\\Pipeline\\Pipeline->Illuminate\\Pipeline\\{closure}(Object(Illuminate\\Http\\Request))
#44 /Users/alihewaigh/Desktop/Ed-online/DCS_Files_Github/ed_dcs/vendor/laravel/framework/src/Illuminate/Foundation/Http/Middleware/ValidatePostSize.php(27): Illuminate\\Routing\\Pipeline->Illuminate\\Routing\\{closure}(Object(Illuminate\\Http\\Request))
#45 /Users/alihewaigh/Desktop/Ed-online/DCS_Files_Github/ed_dcs/vendor/laravel/framework/src/Illuminate/Pipeline/Pipeline.php(149): Illuminate\\Foundation\\Http\\Middleware\\ValidatePostSize->handle(Object(Illuminate\\Http\\Request), Object(Closure))
#46 /Users/alihewaigh/Desktop/Ed-online/DCS_Files_Github/ed_dcs/vendor/laravel/framework/src/Illuminate/Routing/Pipeline.php(53): Illuminate\\Pipeline\\Pipeline->Illuminate\\Pipeline\\{closure}(Object(Illuminate\\Http\\Request))
#47 /Users/alihewaigh/Desktop/Ed-online/DCS_Files_Github/ed_dcs/vendor/laravel/framework/src/Illuminate/Foundation/Http/Middleware/CheckForMaintenanceMode.php(46): Illuminate\\Routing\\Pipeline->Illuminate\\Routing\\{closure}(Object(Illuminate\\Http\\Request))
#48 /Users/alihewaigh/Desktop/Ed-online/DCS_Files_Github/ed_dcs/vendor/laravel/framework/src/Illuminate/Pipeline/Pipeline.php(149): Illuminate\\Foundation\\Http\\Middleware\\CheckForMaintenanceMode->handle(Object(Illuminate\\Http\\Request), Object(Closure))
#49 /Users/alihewaigh/Desktop/Ed-online/DCS_Files_Github/ed_dcs/vendor/laravel/framework/src/Illuminate/Routing/Pipeline.php(53): Illuminate\\Pipeline\\Pipeline->Illuminate\\Pipeline\\{closure}(Object(Illuminate\\Http\\Request))
#50 /Users/alihewaigh/Desktop/Ed-online/DCS_Files_Github/ed_dcs/vendor/laravel/framework/src/Illuminate/Pipeline/Pipeline.php(102): Illuminate\\Routing\\Pipeline->Illuminate\\Routing\\{closure}(Object(Illuminate\\Http\\Request))
#51 /Users/alihewaigh/Desktop/Ed-online/DCS_Files_Github/ed_dcs/vendor/laravel/framework/src/Illuminate/Foundation/Http/Kernel.php(151): Illuminate\\Pipeline\\Pipeline->then(Object(Closure))
#52 /Users/alihewaigh/Desktop/Ed-online/DCS_Files_Github/ed_dcs/vendor/laravel/framework/src/Illuminate/Foundation/Http/Kernel.php(116): Illuminate\\Foundation\\Http\\Kernel->sendRequestThroughRouter(Object(Illuminate\\Http\\Request))
#53 /Users/alihewaigh/Desktop/Ed-online/DCS_Files_Github/ed_dcs/public/index.php(55): Illuminate\\Foundation\\Http\\Kernel->handle(Object(Illuminate\\Http\\Request))
#54 /Users/alihewaigh/Desktop/Ed-online/DCS_Files_Github/ed_dcs/server.php(21): require_once('/Users/alihewai...')
#55 {main}
"} 
